Using pre-set license
Built from '2020.3/release' branch; Version is '2020.3.2f1 (8fd9074bf66c) revision 9427207'; Using compiler version '192528614'; Build Type 'Release'
OS: 'Windows 10 Home; OS build 19044.1586; Version 2009; 64bit' Language: 'en' Physical Memory: 65481 MB
BatchMode: 1, IsHumanControllingUs: 0, StartBugReporterOnCrash: 0, Is64bit: 1, IsPro: 0

 COMMAND LINE ARGUMENTS:
C:\Program Files\Unity\Hub\Editor\2020.3.2f1\Editor\Unity.exe
-adb2
-batchMode
-noUpm
-name
AssetImportWorker0
-projectPath
C:/Users/midge/Documents/GitHub/DruidsOfDumnonia/DruidsofDumnonia
-logFile
Logs/AssetImportWorker0.log
-srvPort
56627
Successfully changed project path to: C:/Users/midge/Documents/GitHub/DruidsOfDumnonia/DruidsofDumnonia
C:/Users/midge/Documents/GitHub/DruidsOfDumnonia/DruidsofDumnonia
Using Asset Import Pipeline V2.
Refreshing native plugins compatible for Editor in 89.06 ms, found 15 plugins.
Preloading 2 native plugins for Editor in 1.98 ms.
Initialize engine version: 2020.3.2f1 (8fd9074bf66c)
[Subsystems] Discovering subsystems at path C:/Program Files/Unity/Hub/Editor/2020.3.2f1/Editor/Data/Resources/UnitySubsystems
[Subsystems] Discovering subsystems at path C:/Users/midge/Documents/GitHub/DruidsOfDumnonia/DruidsofDumnonia/Assets
GfxDevice: creating device client; threaded=0
Direct3D:
    Version:  Direct3D 11.0 [level 11.1]
    Renderer: NVIDIA GeForce GTX 1060 6GB (ID=0x1c03)
    Vendor:   
    VRAM:     6052 MB
    Driver:   30.0.14.9729
Initialize mono
Mono path[0] = 'C:/Program Files/Unity/Hub/Editor/2020.3.2f1/Editor/Data/Managed'
Mono path[1] = 'C:/Program Files/Unity/Hub/Editor/2020.3.2f1/Editor/Data/MonoBleedingEdge/lib/mono/unityjit'
Mono config path = 'C:/Program Files/Unity/Hub/Editor/2020.3.2f1/Editor/Data/MonoBleedingEdge/etc'
Using monoOptions --debugger-agent=transport=dt_socket,embedding=1,server=y,suspend=n,address=127.0.0.1:56772
Begin MonoManager ReloadAssembly
Registering precompiled unity dll's ...
Register platform support module: C:/Program Files/Unity/Hub/Editor/2020.3.2f1/Editor/Data/PlaybackEngines/WindowsStandaloneSupport/UnityEditor.WindowsStandalone.Extensions.dll
Registered in 0.001881 seconds.
Native extension for WindowsStandalone target not found
Refreshing native plugins compatible for Editor in 67.32 ms, found 15 plugins.
Preloading 2 native plugins for Editor in 0.17 ms.
Invoked RoslynAnalysisRunner static constructor.
RoslynAnalysisRunner will not be running.
RoslynAnalysisRunner has terminated.
Mono: successfully reloaded assembly
- Completed reload, in  1.006 seconds
Platform modules already initialized, skipping
Registering precompiled user dll's ...
Registered in 0.009076 seconds.
Begin MonoManager ReloadAssembly
Symbol file data-00000192F9BD8B20 doesn't match image C:\Users\midge\Documents\GitHub\DruidsOfDumnonia\DruidsofDumnonia\Library\ScriptAssemblies\Assembly-CSharp.dll
Symbol file LoadedFromMemory is not a mono symbol file
Native extension for WindowsStandalone target not found
Refreshing native plugins compatible for Editor in 64.65 ms, found 15 plugins.
Preloading 2 native plugins for Editor in 0.18 ms.
Invoked RoslynAnalysisRunner static constructor.
RoslynAnalysisRunner will not be running.
RoslynAnalysisRunner has terminated.
[XR] OculusXRPlugin: registering subsystems
[XR] Unable to register display lifecyle provider: [1]
[XR] Oculus Input lifecycle provider registered.
[XR] Unable to register input lifecyle provider: [1]
NullReferenceException: Object reference not set to an instance of an object
  at Unity.XR.Oculus.OculusLoader.AssetPathToAbsolutePath (System.String assetPath) [0x00048] in C:\Users\midge\Desktop\Comp3000\Unity Project\DruidsofDumnonia\Library\PackageCache\com.unity.xr.oculus@1.8.1\Runtime\OculusLoader.cs:243 
  at Unity.XR.Oculus.OculusLoader.EditorLoadOVRPlugin () [0x0007b] in C:\Users\midge\Desktop\Comp3000\Unity Project\DruidsofDumnonia\Library\PackageCache\com.unity.xr.oculus@1.8.1\Runtime\OculusLoader.cs:228 

(Filename: C:/Users/midge/Desktop/Comp3000/Unity Project/DruidsofDumnonia/Library/PackageCache/com.unity.xr.oculus@1.8.1/Runtime/OculusLoader.cs Line: 243)

Mono: successfully reloaded assembly
- Completed reload, in  1.051 seconds
Platform modules already initialized, skipping
========================================================================
Worker process is ready to serve import requests
Launched and connected shader compiler UnityShaderCompiler.exe after 0.04 seconds
Refreshing native plugins compatible for Editor in 0.84 ms, found 15 plugins.
Preloading 2 native plugins for Editor in 0.14 ms.
Unloading 2543 Unused Serialized files (Serialized files now loaded: 0)
System memory in use before: 117.0 MB.
System memory in use after: 117.0 MB.

Unloading 29 unused Assets to reduce memory usage. Loaded Objects now: 2986.
Total: 2.318500 ms (FindLiveObjects: 0.257700 ms CreateObjectMapping: 0.138500 ms MarkObjects: 1.831200 ms  DeleteObjects: 0.089700 ms)

========================================================================
Received Import Request.
  path: Assets/LeapMotionGestureDetection/GestureDetection/Scripts/ExampleScripts/FireBullet.cs
  artifactKey: Guid(ab1d2cecd222cd84e8ca6287063f66aa) Importer(815301076,1909f56bfc062723c751e8b465ee728b)
Start importing Assets/LeapMotionGestureDetection/GestureDetection/Scripts/ExampleScripts/FireBullet.cs using Guid(ab1d2cecd222cd84e8ca6287063f66aa) Importer(815301076,1909f56bfc062723c751e8b465ee728b)  -> (artifact id: '56d6d00898eadfb26477d83e63723bd4') in 0.301485 seconds
  Import took 0.305133 seconds .

========================================================================
Received Import Request.
  Time since last request: 28.285284 seconds.
  path: Assets/LeapMotionGestureDetection/Materials
  artifactKey: Guid(6fcba492a00da8f46a172f230d98020d) Importer(815301076,1909f56bfc062723c751e8b465ee728b)
Start importing Assets/LeapMotionGestureDetection/Materials using Guid(6fcba492a00da8f46a172f230d98020d) Importer(815301076,1909f56bfc062723c751e8b465ee728b)  -> (artifact id: '427568be546ee11fee10173151c34b9b') in 0.007451 seconds
  Import took 0.011456 seconds .

========================================================================
Received Import Request.
  Time since last request: 0.058770 seconds.
  path: Assets/LeapMotionGestureDetection/Materials/HandMat.mat
  artifactKey: Guid(c167ed1a029eaf94f8b8d5dde62490b3) Importer(815301076,1909f56bfc062723c751e8b465ee728b)
Start importing Assets/LeapMotionGestureDetection/Materials/HandMat.mat using Guid(c167ed1a029eaf94f8b8d5dde62490b3) Importer(815301076,1909f56bfc062723c751e8b465ee728b)  -> (artifact id: 'd58eb83b09cf9eb85c81667b1a01a3d9') in 0.071023 seconds
  Import took 0.074923 seconds .

========================================================================
Received Import Request.
  Time since last request: 0.000170 seconds.
  path: Assets/LeapMotionGestureDetection/Materials/LinePattern 2.mat
  artifactKey: Guid(84f2b3785a29694479b7d2d15b2098d2) Importer(815301076,1909f56bfc062723c751e8b465ee728b)
Start importing Assets/LeapMotionGestureDetection/Materials/LinePattern 2.mat using Guid(84f2b3785a29694479b7d2d15b2098d2) Importer(815301076,1909f56bfc062723c751e8b465ee728b)  -> (artifact id: '7d98b2093c7842061f1fb1a96968a822') in 0.020256 seconds
  Import took 0.024707 seconds .

========================================================================
Received Import Request.
  Time since last request: 0.000171 seconds.
  path: Assets/LeapMotionGestureDetection/Materials/LinePattern 1.mat
  artifactKey: Guid(0f371af30834b694c815981d19fcb053) Importer(815301076,1909f56bfc062723c751e8b465ee728b)
Start importing Assets/LeapMotionGestureDetection/Materials/LinePattern 1.mat using Guid(0f371af30834b694c815981d19fcb053) Importer(815301076,1909f56bfc062723c751e8b465ee728b)  -> (artifact id: '3938c56d93414941db1389836c35a1bc') in 0.023929 seconds
  Import took 0.027689 seconds .

========================================================================
Received Import Request.
  Time since last request: 0.000155 seconds.
  path: Assets/LeapMotionGestureDetection/Materials/Selections.mat
  artifactKey: Guid(aed86ad9dee38194f9d6a970da69774e) Importer(815301076,1909f56bfc062723c751e8b465ee728b)
Start importing Assets/LeapMotionGestureDetection/Materials/Selections.mat using Guid(aed86ad9dee38194f9d6a970da69774e) Importer(815301076,1909f56bfc062723c751e8b465ee728b)  -> (artifact id: '6b8cfbd81db55bbd92e899dbbeedd060') in 0.021189 seconds
  Import took 0.024910 seconds .

========================================================================
Received Import Request.
  Time since last request: 0.000158 seconds.
  path: Assets/LeapMotionGestureDetection/Materials/LinePattern.mat
  artifactKey: Guid(ba5dd84fbfd61fa489a1850afe7c923f) Importer(815301076,1909f56bfc062723c751e8b465ee728b)
Start importing Assets/LeapMotionGestureDetection/Materials/LinePattern.mat using Guid(ba5dd84fbfd61fa489a1850afe7c923f) Importer(815301076,1909f56bfc062723c751e8b465ee728b)  -> (artifact id: '07dbf0224d555d9035f18d9c72386e48') in 0.019992 seconds
  Import took 0.023749 seconds .

========================================================================
Received Import Request.
  Time since last request: 0.000157 seconds.
  path: Assets/LeapMotionGestureDetection/Materials/PunchBag.mat
  artifactKey: Guid(cf878882c6889f64fbbd0ba1bb6d4a49) Importer(815301076,1909f56bfc062723c751e8b465ee728b)
Start importing Assets/LeapMotionGestureDetection/Materials/PunchBag.mat using Guid(cf878882c6889f64fbbd0ba1bb6d4a49) Importer(815301076,1909f56bfc062723c751e8b465ee728b)  -> (artifact id: 'beee8f318b48e7b55c1bfca5d4d922ec') in 0.014410 seconds
  Import took 0.017932 seconds .

========================================================================
Received Import Request.
  Time since last request: 0.000175 seconds.
  path: Assets/LeapMotionGestureDetection/Materials/LinePattern.mat
  artifactKey: Guid(ba5dd84fbfd61fa489a1850afe7c923f) Importer(815301076,1909f56bfc062723c751e8b465ee728b)
Start importing Assets/LeapMotionGestureDetection/Materials/LinePattern.mat using Guid(ba5dd84fbfd61fa489a1850afe7c923f) Importer(815301076,1909f56bfc062723c751e8b465ee728b)  -> (artifact id: '07dbf0224d555d9035f18d9c72386e48') in 0.011109 seconds
  Import took 0.014946 seconds .

========================================================================
Received Prepare
Registering precompiled user dll's ...
Registered in 0.010217 seconds.
Begin MonoManager ReloadAssembly
Symbol file data-00000191403A99A0 doesn't match image C:\Users\midge\Documents\GitHub\DruidsOfDumnonia\DruidsofDumnonia\Library\ScriptAssemblies\Assembly-CSharp.dll
Symbol file LoadedFromMemory is not a mono symbol file
Native extension for WindowsStandalone target not found
Refreshing native plugins compatible for Editor in 1.03 ms, found 15 plugins.
Preloading 2 native plugins for Editor in 0.20 ms.
Invoked RoslynAnalysisRunner static constructor.
RoslynAnalysisRunner will not be running.
RoslynAnalysisRunner has terminated.
NullReferenceException: Object reference not set to an instance of an object
  at Unity.XR.Oculus.OculusLoader.AssetPathToAbsolutePath (System.String assetPath) [0x00048] in C:\Users\midge\Desktop\Comp3000\Unity Project\DruidsofDumnonia\Library\PackageCache\com.unity.xr.oculus@1.8.1\Runtime\OculusLoader.cs:243 
  at Unity.XR.Oculus.OculusLoader.EditorLoadOVRPlugin () [0x0007b] in C:\Users\midge\Desktop\Comp3000\Unity Project\DruidsofDumnonia\Library\PackageCache\com.unity.xr.oculus@1.8.1\Runtime\OculusLoader.cs:228 

(Filename: C:/Users/midge/Desktop/Comp3000/Unity Project/DruidsofDumnonia/Library/PackageCache/com.unity.xr.oculus@1.8.1/Runtime/OculusLoader.cs Line: 243)

Mono: successfully reloaded assembly
- Completed reload, in  0.901 seconds
Platform modules already initialized, skipping
Refreshing native plugins compatible for Editor in 0.84 ms, found 15 plugins.
Preloading 2 native plugins for Editor in 0.13 ms.
Unloading 2487 Unused Serialized files (Serialized files now loaded: 0)
System memory in use before: 123.0 MB.
System memory in use after: 123.2 MB.

Unloading 22 unused Assets to reduce memory usage. Loaded Objects now: 3029.
Total: 2.644400 ms (FindLiveObjects: 0.301300 ms CreateObjectMapping: 0.186900 ms MarkObjects: 2.043200 ms  DeleteObjects: 0.111700 ms)

========================================================================
Received Import Request.
  Time since last request: 126.973489 seconds.
  path: Assets/Scenes/DruidsTutorial.unity
  artifactKey: Guid(c56e81a4736bdac4fb822b7e6519ee21) Importer(815301076,1909f56bfc062723c751e8b465ee728b)
Start importing Assets/Scenes/DruidsTutorial.unity using Guid(c56e81a4736bdac4fb822b7e6519ee21) Importer(815301076,1909f56bfc062723c751e8b465ee728b)  -> (artifact id: 'df1a98ab57f61bb8c5c9c0393fde2c4e') in 0.019800 seconds
  Import took 0.024240 seconds .

========================================================================
Received Prepare
Registering precompiled user dll's ...
Registered in 0.008199 seconds.
Begin MonoManager ReloadAssembly
Symbol file data-0000019141617FA0 doesn't match image C:\Users\midge\Documents\GitHub\DruidsOfDumnonia\DruidsofDumnonia\Library\ScriptAssemblies\Assembly-CSharp.dll
Symbol file LoadedFromMemory is not a mono symbol file
Native extension for WindowsStandalone target not found
Refreshing native plugins compatible for Editor in 0.86 ms, found 15 plugins.
Preloading 2 native plugins for Editor in 0.15 ms.
Invoked RoslynAnalysisRunner static constructor.
RoslynAnalysisRunner will not be running.
RoslynAnalysisRunner has terminated.
NullReferenceException: Object reference not set to an instance of an object
  at Unity.XR.Oculus.OculusLoader.AssetPathToAbsolutePath (System.String assetPath) [0x00048] in C:\Users\midge\Desktop\Comp3000\Unity Project\DruidsofDumnonia\Library\PackageCache\com.unity.xr.oculus@1.8.1\Runtime\OculusLoader.cs:243 
  at Unity.XR.Oculus.OculusLoader.EditorLoadOVRPlugin () [0x0007b] in C:\Users\midge\Desktop\Comp3000\Unity Project\DruidsofDumnonia\Library\PackageCache\com.unity.xr.oculus@1.8.1\Runtime\OculusLoader.cs:228 

(Filename: C:/Users/midge/Desktop/Comp3000/Unity Project/DruidsofDumnonia/Library/PackageCache/com.unity.xr.oculus@1.8.1/Runtime/OculusLoader.cs Line: 243)

Mono: successfully reloaded assembly
- Completed reload, in  0.867 seconds
Platform modules already initialized, skipping
Refreshing native plugins compatible for Editor in 0.86 ms, found 15 plugins.
Preloading 2 native plugins for Editor in 0.14 ms.
Unloading 2487 Unused Serialized files (Serialized files now loaded: 0)
System memory in use before: 123.1 MB.
System memory in use after: 123.3 MB.

Unloading 22 unused Assets to reduce memory usage. Loaded Objects now: 3033.
Total: 2.108200 ms (FindLiveObjects: 0.305200 ms CreateObjectMapping: 0.167500 ms MarkObjects: 1.569800 ms  DeleteObjects: 0.064600 ms)

========================================================================
Received Import Request.
  Time since last request: 208.526697 seconds.
  path: Assets/Scenes/DruidsTutorial.unity
  artifactKey: Guid(c56e81a4736bdac4fb822b7e6519ee21) Importer(815301076,1909f56bfc062723c751e8b465ee728b)
Start importing Assets/Scenes/DruidsTutorial.unity using Guid(c56e81a4736bdac4fb822b7e6519ee21) Importer(815301076,1909f56bfc062723c751e8b465ee728b)  -> (artifact id: 'd15d8cdc250aef0bd3841d46e6db999f') in 0.016214 seconds
  Import took 0.020555 seconds .

========================================================================
Received Import Request.
  Time since last request: 67.374879 seconds.
  path: Assets/LeapMotionGestureDetection/LeapMotion/Core/Materials/Passthrough
  artifactKey: Guid(71a83b371588d984d9c143ea0b146824) Importer(815301076,1909f56bfc062723c751e8b465ee728b)
Start importing Assets/LeapMotionGestureDetection/LeapMotion/Core/Materials/Passthrough using Guid(71a83b371588d984d9c143ea0b146824) Importer(815301076,1909f56bfc062723c751e8b465ee728b)  -> (artifact id: '8852bcded034c7dda50debb61b24a3c8') in 0.005840 seconds
  Import took 0.009667 seconds .

========================================================================
Received Import Request.
  Time since last request: 0.063169 seconds.
  path: Assets/LeapMotionGestureDetection/LeapMotion/Core/Materials/Passthrough/Foreground.mat
  artifactKey: Guid(3f4fac4e15d524ca1bdd90a2fe016185) Importer(815301076,1909f56bfc062723c751e8b465ee728b)
Start importing Assets/LeapMotionGestureDetection/LeapMotion/Core/Materials/Passthrough/Foreground.mat using Guid(3f4fac4e15d524ca1bdd90a2fe016185) Importer(815301076,1909f56bfc062723c751e8b465ee728b)  -> (artifact id: 'fcfed37f7504619bb47f87d86666f10d') in 0.045935 seconds
  Import took 0.049750 seconds .

========================================================================
Received Import Request.
  Time since last request: 14.600263 seconds.
  path: Assets/LeapMotionGestureDetection/Resources
  artifactKey: Guid(8d35044105af6e7448a21275039ea06a) Importer(815301076,1909f56bfc062723c751e8b465ee728b)
Start importing Assets/LeapMotionGestureDetection/Resources using Guid(8d35044105af6e7448a21275039ea06a) Importer(815301076,1909f56bfc062723c751e8b465ee728b)  -> (artifact id: '42277522938ea8e97aa1c86e517ce229') in 0.006215 seconds
  Import took 0.010113 seconds .

========================================================================
Received Import Request.
  Time since last request: 1.752750 seconds.
  path: Assets/LeapMotionGestureDetection/Resources/Icons
  artifactKey: Guid(e9f0b2d6111271b47ac5ebd974475cb3) Importer(815301076,1909f56bfc062723c751e8b465ee728b)
Start importing Assets/LeapMotionGestureDetection/Resources/Icons using Guid(e9f0b2d6111271b47ac5ebd974475cb3) Importer(815301076,1909f56bfc062723c751e8b465ee728b)  -> (artifact id: 'abd1a51b008613b5ad288790a2e28980') in 0.005890 seconds
  Import took 0.009752 seconds .

========================================================================
Received Import Request.
  Time since last request: 0.062283 seconds.
  path: Assets/LeapMotionGestureDetection/Resources/Icons/BasicBlackPlus.png
  artifactKey: Guid(ed549160fdc49064f85794f25fb656f3) Importer(815301076,1909f56bfc062723c751e8b465ee728b)
Start importing Assets/LeapMotionGestureDetection/Resources/Icons/BasicBlackPlus.png using Guid(ed549160fdc49064f85794f25fb656f3) Importer(815301076,1909f56bfc062723c751e8b465ee728b)  -> (artifact id: 'c014f2c0bd16c65fa4c63fbd574c0c3c') in 0.053580 seconds
  Import took 0.057150 seconds .

========================================================================
Received Import Request.
  Time since last request: 0.000158 seconds.
  path: Assets/LeapMotionGestureDetection/Resources/Icons/BasicBlackX.png
  artifactKey: Guid(0dc2ddc15ff55d34a9c6776a127f453e) Importer(815301076,1909f56bfc062723c751e8b465ee728b)
Start importing Assets/LeapMotionGestureDetection/Resources/Icons/BasicBlackX.png using Guid(0dc2ddc15ff55d34a9c6776a127f453e) Importer(815301076,1909f56bfc062723c751e8b465ee728b)  -> (artifact id: '9a7a53298cd1df3ef51390713c8b4f91') in 0.015467 seconds
  Import took 0.019522 seconds .

========================================================================
Received Import Request.
  Time since last request: 0.000163 seconds.
  path: Assets/LeapMotionGestureDetection/Resources/Icons/RightArrow.png
  artifactKey: Guid(688f4676e4c492744be5cc97ccc6021a) Importer(815301076,1909f56bfc062723c751e8b465ee728b)
Start importing Assets/LeapMotionGestureDetection/Resources/Icons/RightArrow.png using Guid(688f4676e4c492744be5cc97ccc6021a) Importer(815301076,1909f56bfc062723c751e8b465ee728b)  -> (artifact id: 'da1d6c45d0c870a4b8d6723e9cdbd521') in 0.017779 seconds
  Import took 0.021850 seconds .

========================================================================
Received Import Request.
  Time since last request: 0.000196 seconds.
  path: Assets/LeapMotionGestureDetection/Resources/Icons/BasicRedX.png
  artifactKey: Guid(26cdfdcead039e8488818efb6a536e20) Importer(815301076,1909f56bfc062723c751e8b465ee728b)
Start importing Assets/LeapMotionGestureDetection/Resources/Icons/BasicRedX.png using Guid(26cdfdcead039e8488818efb6a536e20) Importer(815301076,1909f56bfc062723c751e8b465ee728b)  -> (artifact id: '4fb620e54869bdced6d5bf1311a3e709') in 0.016507 seconds
  Import took 0.020344 seconds .

========================================================================
Received Import Request.
  Time since last request: 0.000140 seconds.
  path: Assets/LeapMotionGestureDetection/Resources/Icons/LeftArrow.png
  artifactKey: Guid(67be05908df001b4ca0dca4eecf6ebed) Importer(815301076,1909f56bfc062723c751e8b465ee728b)
Start importing Assets/LeapMotionGestureDetection/Resources/Icons/LeftArrow.png using Guid(67be05908df001b4ca0dca4eecf6ebed) Importer(815301076,1909f56bfc062723c751e8b465ee728b)  -> (artifact id: '4233143ce5e93af88fd878e942a11a15') in 0.015912 seconds
  Import took 0.019726 seconds .

========================================================================
Received Import Request.
  Time since last request: 0.000206 seconds.
  path: Assets/LeapMotionGestureDetection/Resources/Icons/GreenPlus.png
  artifactKey: Guid(40268dd12d7fdb84b896e03d38300b9b) Importer(815301076,1909f56bfc062723c751e8b465ee728b)
Start importing Assets/LeapMotionGestureDetection/Resources/Icons/GreenPlus.png using Guid(40268dd12d7fdb84b896e03d38300b9b) Importer(815301076,1909f56bfc062723c751e8b465ee728b)  -> (artifact id: 'f3000cd45fc06eb6b8d3bc2f46bef09a') in 0.016293 seconds
  Import took 0.020563 seconds .

========================================================================
Received Import Request.
  Time since last request: 0.000168 seconds.
  path: Assets/LeapMotionGestureDetection/Resources/Icons/RedX.png
  artifactKey: Guid(f68e6431efbb6004ea894a8a6f8a8a34) Importer(815301076,1909f56bfc062723c751e8b465ee728b)
Start importing Assets/LeapMotionGestureDetection/Resources/Icons/RedX.png using Guid(f68e6431efbb6004ea894a8a6f8a8a34) Importer(815301076,1909f56bfc062723c751e8b465ee728b)  -> (artifact id: '5c42cad7163288058edfb902967012b5') in 0.015984 seconds
  Import took 0.019926 seconds .

========================================================================
Received Import Request.
  Time since last request: 0.000293 seconds.
  path: Assets/LeapMotionGestureDetection/Resources/Icons/UpArrow.png
  artifactKey: Guid(c0109145e0d292346a8e0065199064b6) Importer(815301076,1909f56bfc062723c751e8b465ee728b)
Start importing Assets/LeapMotionGestureDetection/Resources/Icons/UpArrow.png using Guid(c0109145e0d292346a8e0065199064b6) Importer(815301076,1909f56bfc062723c751e8b465ee728b)  -> (artifact id: '7025d4d3ad3520129df00a5833b12bef') in 0.016559 seconds
  Import took 0.020891 seconds .

========================================================================
Received Import Request.
  Time since last request: 0.000161 seconds.
  path: Assets/LeapMotionGestureDetection/Resources/Icons/BasicGreenPlus.png
  artifactKey: Guid(4105feb7f8aa45c4a9c89b165cabd044) Importer(815301076,1909f56bfc062723c751e8b465ee728b)
Start importing Assets/LeapMotionGestureDetection/Resources/Icons/BasicGreenPlus.png using Guid(4105feb7f8aa45c4a9c89b165cabd044) Importer(815301076,1909f56bfc062723c751e8b465ee728b)  -> (artifact id: '9fd597e7cd9b9af77ddf5bd8419a4b90') in 0.015433 seconds
  Import took 0.019684 seconds .

========================================================================
Received Import Request.
  Time since last request: 0.000165 seconds.
  path: Assets/LeapMotionGestureDetection/Resources/Icons/DownArrow.png
  artifactKey: Guid(6e49cce98ce5c264db6ada6a2591419e) Importer(815301076,1909f56bfc062723c751e8b465ee728b)
Start importing Assets/LeapMotionGestureDetection/Resources/Icons/DownArrow.png using Guid(6e49cce98ce5c264db6ada6a2591419e) Importer(815301076,1909f56bfc062723c751e8b465ee728b)  -> (artifact id: 'ced8d63c86bcab4f015ac85eed3efa69') in 0.016622 seconds
  Import took 0.021011 seconds .

========================================================================
Received Import Request.
  Time since last request: 0.004500 seconds.
  path: Assets/LeapMotionGestureDetection/Resources/Icons/DownArrow.png
  artifactKey: Guid(6e49cce98ce5c264db6ada6a2591419e) Importer(815301076,1909f56bfc062723c751e8b465ee728b)
Start importing Assets/LeapMotionGestureDetection/Resources/Icons/DownArrow.png using Guid(6e49cce98ce5c264db6ada6a2591419e) Importer(815301076,1909f56bfc062723c751e8b465ee728b)  -> (artifact id: 'ced8d63c86bcab4f015ac85eed3efa69') in 0.006611 seconds
  Import took 0.011422 seconds .

========================================================================
Received Import Request.
  Time since last request: 67.203651 seconds.
  path: Assets/Scenes/DruidsTutorial.unity
  artifactKey: Guid(c56e81a4736bdac4fb822b7e6519ee21) Importer(815301076,1909f56bfc062723c751e8b465ee728b)
Start importing Assets/Scenes/DruidsTutorial.unity using Guid(c56e81a4736bdac4fb822b7e6519ee21) Importer(815301076,1909f56bfc062723c751e8b465ee728b)  -> (artifact id: '025dc80a49b807d661906036376fd0b0') in 0.002873 seconds
  Import took 0.007342 seconds .

========================================================================
Received Import Request.
  Time since last request: 0.000697 seconds.
  path: Assets/Scenes/DruidsTutorial.unity
  artifactKey: Guid(c56e81a4736bdac4fb822b7e6519ee21) Importer(815301076,1909f56bfc062723c751e8b465ee728b)
Start importing Assets/Scenes/DruidsTutorial.unity using Guid(c56e81a4736bdac4fb822b7e6519ee21) Importer(815301076,1909f56bfc062723c751e8b465ee728b)  -> (artifact id: '025dc80a49b807d661906036376fd0b0') in 0.002674 seconds
  Import took 0.007232 seconds .

========================================================================
Received Prepare
Registering precompiled user dll's ...
Registered in 0.009753 seconds.
Begin MonoManager ReloadAssembly
Symbol file data-0000019147974010 doesn't match image C:\Users\midge\Documents\GitHub\DruidsOfDumnonia\DruidsofDumnonia\Library\ScriptAssemblies\Assembly-CSharp.dll
Symbol file LoadedFromMemory is not a mono symbol file
Native extension for WindowsStandalone target not found
Refreshing native plugins compatible for Editor in 0.86 ms, found 15 plugins.
Preloading 2 native plugins for Editor in 0.14 ms.
Invoked RoslynAnalysisRunner static constructor.
RoslynAnalysisRunner will not be running.
RoslynAnalysisRunner has terminated.
NullReferenceException: Object reference not set to an instance of an object
  at Unity.XR.Oculus.OculusLoader.AssetPathToAbsolutePath (System.String assetPath) [0x00048] in C:\Users\midge\Desktop\Comp3000\Unity Project\DruidsofDumnonia\Library\PackageCache\com.unity.xr.oculus@1.8.1\Runtime\OculusLoader.cs:243 
  at Unity.XR.Oculus.OculusLoader.EditorLoadOVRPlugin () [0x0007b] in C:\Users\midge\Desktop\Comp3000\Unity Project\DruidsofDumnonia\Library\PackageCache\com.unity.xr.oculus@1.8.1\Runtime\OculusLoader.cs:228 

(Filename: C:/Users/midge/Desktop/Comp3000/Unity Project/DruidsofDumnonia/Library/PackageCache/com.unity.xr.oculus@1.8.1/Runtime/OculusLoader.cs Line: 243)

Mono: successfully reloaded assembly
- Completed reload, in  0.873 seconds
Platform modules already initialized, skipping
Refreshing native plugins compatible for Editor in 0.91 ms, found 15 plugins.
Preloading 2 native plugins for Editor in 0.15 ms.
Unloading 2487 Unused Serialized files (Serialized files now loaded: 0)
System memory in use before: 123.1 MB.
System memory in use after: 123.3 MB.

Unloading 22 unused Assets to reduce memory usage. Loaded Objects now: 3040.
Total: 2.819900 ms (FindLiveObjects: 0.387400 ms CreateObjectMapping: 0.167600 ms MarkObjects: 2.195600 ms  DeleteObjects: 0.067300 ms)

========================================================================
Received Prepare
Registering precompiled user dll's ...
Registered in 0.009342 seconds.
Begin MonoManager ReloadAssembly
Symbol file data-0000019144123430 doesn't match image C:\Users\midge\Documents\GitHub\DruidsOfDumnonia\DruidsofDumnonia\Library\ScriptAssemblies\Assembly-CSharp.dll
Symbol file LoadedFromMemory is not a mono symbol file
Native extension for WindowsStandalone target not found
Refreshing native plugins compatible for Editor in 1.00 ms, found 15 plugins.
Preloading 2 native plugins for Editor in 0.20 ms.
Invoked RoslynAnalysisRunner static constructor.
RoslynAnalysisRunner will not be running.
RoslynAnalysisRunner has terminated.
NullReferenceException: Object reference not set to an instance of an object
  at Unity.XR.Oculus.OculusLoader.AssetPathToAbsolutePath (System.String assetPath) [0x00048] in C:\Users\midge\Desktop\Comp3000\Unity Project\DruidsofDumnonia\Library\PackageCache\com.unity.xr.oculus@1.8.1\Runtime\OculusLoader.cs:243 
  at Unity.XR.Oculus.OculusLoader.EditorLoadOVRPlugin () [0x0007b] in C:\Users\midge\Desktop\Comp3000\Unity Project\DruidsofDumnonia\Library\PackageCache\com.unity.xr.oculus@1.8.1\Runtime\OculusLoader.cs:228 

(Filename: C:/Users/midge/Desktop/Comp3000/Unity Project/DruidsofDumnonia/Library/PackageCache/com.unity.xr.oculus@1.8.1/Runtime/OculusLoader.cs Line: 243)

Mono: successfully reloaded assembly
- Completed reload, in  0.862 seconds
Platform modules already initialized, skipping
Refreshing native plugins compatible for Editor in 0.99 ms, found 15 plugins.
Preloading 2 native plugins for Editor in 0.16 ms.
Unloading 2487 Unused Serialized files (Serialized files now loaded: 0)
System memory in use before: 123.2 MB.
System memory in use after: 123.4 MB.

Unloading 22 unused Assets to reduce memory usage. Loaded Objects now: 3044.
Total: 1.875700 ms (FindLiveObjects: 0.257100 ms CreateObjectMapping: 0.119600 ms MarkObjects: 1.440200 ms  DeleteObjects: 0.057900 ms)

========================================================================
Received Import Request.
  Time since last request: 303.997277 seconds.
  path: Assets/Scenes/DruidsTutorial.unity
  artifactKey: Guid(c56e81a4736bdac4fb822b7e6519ee21) Importer(815301076,1909f56bfc062723c751e8b465ee728b)
Start importing Assets/Scenes/DruidsTutorial.unity using Guid(c56e81a4736bdac4fb822b7e6519ee21) Importer(815301076,1909f56bfc062723c751e8b465ee728b)  -> (artifact id: '3397a7c8a264f57d2c4304a7561400e4') in 0.015815 seconds
  Import took 0.020397 seconds .

========================================================================
Received Prepare
Registering precompiled user dll's ...
Registered in 0.008382 seconds.
Begin MonoManager ReloadAssembly
Symbol file data-0000019144123430 doesn't match image C:\Users\midge\Documents\GitHub\DruidsOfDumnonia\DruidsofDumnonia\Library\ScriptAssemblies\Assembly-CSharp.dll
Symbol file LoadedFromMemory is not a mono symbol file
Native extension for WindowsStandalone target not found
Refreshing native plugins compatible for Editor in 0.85 ms, found 15 plugins.
Preloading 2 native plugins for Editor in 0.14 ms.
Invoked RoslynAnalysisRunner static constructor.
RoslynAnalysisRunner will not be running.
RoslynAnalysisRunner has terminated.
NullReferenceException: Object reference not set to an instance of an object
  at Unity.XR.Oculus.OculusLoader.AssetPathToAbsolutePath (System.String assetPath) [0x00048] in C:\Users\midge\Desktop\Comp3000\Unity Project\DruidsofDumnonia\Library\PackageCache\com.unity.xr.oculus@1.8.1\Runtime\OculusLoader.cs:243 
  at Unity.XR.Oculus.OculusLoader.EditorLoadOVRPlugin () [0x0007b] in C:\Users\midge\Desktop\Comp3000\Unity Project\DruidsofDumnonia\Library\PackageCache\com.unity.xr.oculus@1.8.1\Runtime\OculusLoader.cs:228 

(Filename: C:/Users/midge/Desktop/Comp3000/Unity Project/DruidsofDumnonia/Library/PackageCache/com.unity.xr.oculus@1.8.1/Runtime/OculusLoader.cs Line: 243)

Mono: successfully reloaded assembly
- Completed reload, in  0.853 seconds
Platform modules already initialized, skipping
Refreshing native plugins compatible for Editor in 0.90 ms, found 15 plugins.
Preloading 2 native plugins for Editor in 0.13 ms.
Unloading 2487 Unused Serialized files (Serialized files now loaded: 0)
System memory in use before: 123.1 MB.
System memory in use after: 123.3 MB.

Unloading 22 unused Assets to reduce memory usage. Loaded Objects now: 3048.
Total: 2.055500 ms (FindLiveObjects: 0.275300 ms CreateObjectMapping: 0.143600 ms MarkObjects: 1.577000 ms  DeleteObjects: 0.058800 ms)

========================================================================
Received Import Request.
  Time since last request: 178.013162 seconds.
  path: Assets/Scenes/DruidsTutorial.unity
  artifactKey: Guid(c56e81a4736bdac4fb822b7e6519ee21) Importer(815301076,1909f56bfc062723c751e8b465ee728b)
Start importing Assets/Scenes/DruidsTutorial.unity using Guid(c56e81a4736bdac4fb822b7e6519ee21) Importer(815301076,1909f56bfc062723c751e8b465ee728b)  -> (artifact id: '09e7ba4d948f7fc7ddc36cac72cba3c3') in 0.014709 seconds
  Import took 0.018882 seconds .

========================================================================
Received Prepare
Registering precompiled user dll's ...
Registered in 0.008026 seconds.
Begin MonoManager ReloadAssembly
Symbol file data-00000191421E1010 doesn't match image C:\Users\midge\Documents\GitHub\DruidsOfDumnonia\DruidsofDumnonia\Library\ScriptAssemblies\Assembly-CSharp.dll
Symbol file LoadedFromMemory is not a mono symbol file
Native extension for WindowsStandalone target not found
Refreshing native plugins compatible for Editor in 0.92 ms, found 15 plugins.
Preloading 2 native plugins for Editor in 0.16 ms.
Invoked RoslynAnalysisRunner static constructor.
RoslynAnalysisRunner will not be running.
RoslynAnalysisRunner has terminated.
NullReferenceException: Object reference not set to an instance of an object
  at Unity.XR.Oculus.OculusLoader.AssetPathToAbsolutePath (System.String assetPath) [0x00048] in C:\Users\midge\Desktop\Comp3000\Unity Project\DruidsofDumnonia\Library\PackageCache\com.unity.xr.oculus@1.8.1\Runtime\OculusLoader.cs:243 
  at Unity.XR.Oculus.OculusLoader.EditorLoadOVRPlugin () [0x0007b] in C:\Users\midge\Desktop\Comp3000\Unity Project\DruidsofDumnonia\Library\PackageCache\com.unity.xr.oculus@1.8.1\Runtime\OculusLoader.cs:228 

(Filename: C:/Users/midge/Desktop/Comp3000/Unity Project/DruidsofDumnonia/Library/PackageCache/com.unity.xr.oculus@1.8.1/Runtime/OculusLoader.cs Line: 243)

Mono: successfully reloaded assembly
- Completed reload, in  0.870 seconds
Platform modules already initialized, skipping
Refreshing native plugins compatible for Editor in 0.91 ms, found 15 plugins.
Preloading 2 native plugins for Editor in 0.14 ms.
Unloading 2487 Unused Serialized files (Serialized files now loaded: 0)
System memory in use before: 123.2 MB.
System memory in use after: 123.4 MB.

Unloading 22 unused Assets to reduce memory usage. Loaded Objects now: 3052.
Total: 2.051400 ms (FindLiveObjects: 0.236300 ms CreateObjectMapping: 0.117200 ms MarkObjects: 1.635900 ms  DeleteObjects: 0.060700 ms)

========================================================================
Received Prepare
Registering precompiled user dll's ...
Registered in 0.008577 seconds.
Begin MonoManager ReloadAssembly
Symbol file data-0000019144123430 doesn't match image C:\Users\midge\Documents\GitHub\DruidsOfDumnonia\DruidsofDumnonia\Library\ScriptAssemblies\Assembly-CSharp.dll
Symbol file LoadedFromMemory is not a mono symbol file
Native extension for WindowsStandalone target not found
Refreshing native plugins compatible for Editor in 0.86 ms, found 15 plugins.
Preloading 2 native plugins for Editor in 0.14 ms.
Invoked RoslynAnalysisRunner static constructor.
RoslynAnalysisRunner will not be running.
RoslynAnalysisRunner has terminated.
NullReferenceException: Object reference not set to an instance of an object
  at Unity.XR.Oculus.OculusLoader.AssetPathToAbsolutePath (System.String assetPath) [0x00048] in C:\Users\midge\Desktop\Comp3000\Unity Project\DruidsofDumnonia\Library\PackageCache\com.unity.xr.oculus@1.8.1\Runtime\OculusLoader.cs:243 
  at Unity.XR.Oculus.OculusLoader.EditorLoadOVRPlugin () [0x0007b] in C:\Users\midge\Desktop\Comp3000\Unity Project\DruidsofDumnonia\Library\PackageCache\com.unity.xr.oculus@1.8.1\Runtime\OculusLoader.cs:228 

(Filename: C:/Users/midge/Desktop/Comp3000/Unity Project/DruidsofDumnonia/Library/PackageCache/com.unity.xr.oculus@1.8.1/Runtime/OculusLoader.cs Line: 243)

Mono: successfully reloaded assembly
- Completed reload, in  0.858 seconds
Platform modules already initialized, skipping
Refreshing native plugins compatible for Editor in 0.86 ms, found 15 plugins.
Preloading 2 native plugins for Editor in 0.13 ms.
Unloading 2487 Unused Serialized files (Serialized files now loaded: 0)
System memory in use before: 123.2 MB.
System memory in use after: 123.4 MB.

Unloading 22 unused Assets to reduce memory usage. Loaded Objects now: 3056.
Total: 2.104200 ms (FindLiveObjects: 0.282200 ms CreateObjectMapping: 0.142700 ms MarkObjects: 1.614500 ms  DeleteObjects: 0.064200 ms)

========================================================================
Received Prepare
Registering precompiled user dll's ...
Registered in 0.008108 seconds.
Begin MonoManager ReloadAssembly
Symbol file data-00000191421E1010 doesn't match image C:\Users\midge\Documents\GitHub\DruidsOfDumnonia\DruidsofDumnonia\Library\ScriptAssemblies\Assembly-CSharp.dll
Symbol file LoadedFromMemory is not a mono symbol file
Native extension for WindowsStandalone target not found
Refreshing native plugins compatible for Editor in 0.85 ms, found 15 plugins.
Preloading 2 native plugins for Editor in 0.14 ms.
Invoked RoslynAnalysisRunner static constructor.
RoslynAnalysisRunner will not be running.
RoslynAnalysisRunner has terminated.
NullReferenceException: Object reference not set to an instance of an object
  at Unity.XR.Oculus.OculusLoader.AssetPathToAbsolutePath (System.String assetPath) [0x00048] in C:\Users\midge\Desktop\Comp3000\Unity Project\DruidsofDumnonia\Library\PackageCache\com.unity.xr.oculus@1.8.1\Runtime\OculusLoader.cs:243 
  at Unity.XR.Oculus.OculusLoader.EditorLoadOVRPlugin () [0x0007b] in C:\Users\midge\Desktop\Comp3000\Unity Project\DruidsofDumnonia\Library\PackageCache\com.unity.xr.oculus@1.8.1\Runtime\OculusLoader.cs:228 

(Filename: C:/Users/midge/Desktop/Comp3000/Unity Project/DruidsofDumnonia/Library/PackageCache/com.unity.xr.oculus@1.8.1/Runtime/OculusLoader.cs Line: 243)

Mono: successfully reloaded assembly
- Completed reload, in  0.850 seconds
Platform modules already initialized, skipping
Refreshing native plugins compatible for Editor in 0.86 ms, found 15 plugins.
Preloading 2 native plugins for Editor in 0.13 ms.
Unloading 2487 Unused Serialized files (Serialized files now loaded: 0)
System memory in use before: 123.2 MB.
System memory in use after: 123.4 MB.

Unloading 22 unused Assets to reduce memory usage. Loaded Objects now: 3060.
Total: 1.894800 ms (FindLiveObjects: 0.261300 ms CreateObjectMapping: 0.110800 ms MarkObjects: 1.464900 ms  DeleteObjects: 0.056600 ms)

========================================================================
Received Prepare
Registering precompiled user dll's ...
Registered in 0.009628 seconds.
Begin MonoManager ReloadAssembly
Symbol file data-0000019144123430 doesn't match image C:\Users\midge\Documents\GitHub\DruidsOfDumnonia\DruidsofDumnonia\Library\ScriptAssemblies\Assembly-CSharp.dll
Symbol file LoadedFromMemory is not a mono symbol file
Native extension for WindowsStandalone target not found
Refreshing native plugins compatible for Editor in 0.99 ms, found 15 plugins.
Preloading 2 native plugins for Editor in 0.18 ms.
Invoked RoslynAnalysisRunner static constructor.
RoslynAnalysisRunner will not be running.
RoslynAnalysisRunner has terminated.
NullReferenceException: Object reference not set to an instance of an object
  at Unity.XR.Oculus.OculusLoader.AssetPathToAbsolutePath (System.String assetPath) [0x00048] in C:\Users\midge\Desktop\Comp3000\Unity Project\DruidsofDumnonia\Library\PackageCache\com.unity.xr.oculus@1.8.1\Runtime\OculusLoader.cs:243 
  at Unity.XR.Oculus.OculusLoader.EditorLoadOVRPlugin () [0x0007b] in C:\Users\midge\Desktop\Comp3000\Unity Project\DruidsofDumnonia\Library\PackageCache\com.unity.xr.oculus@1.8.1\Runtime\OculusLoader.cs:228 

(Filename: C:/Users/midge/Desktop/Comp3000/Unity Project/DruidsofDumnonia/Library/PackageCache/com.unity.xr.oculus@1.8.1/Runtime/OculusLoader.cs Line: 243)

Mono: successfully reloaded assembly
- Completed reload, in  0.862 seconds
Platform modules already initialized, skipping
Refreshing native plugins compatible for Editor in 0.86 ms, found 15 plugins.
Preloading 2 native plugins for Editor in 0.14 ms.
Unloading 2487 Unused Serialized files (Serialized files now loaded: 0)
System memory in use before: 123.2 MB.
System memory in use after: 123.4 MB.

Unloading 22 unused Assets to reduce memory usage. Loaded Objects now: 3064.
Total: 2.483500 ms (FindLiveObjects: 0.403700 ms CreateObjectMapping: 0.201200 ms MarkObjects: 1.814100 ms  DeleteObjects: 0.063400 ms)

========================================================================
Received Prepare
Registering precompiled user dll's ...
Registered in 0.011338 seconds.
Begin MonoManager ReloadAssembly
Symbol file data-0000019148191010 doesn't match image C:\Users\midge\Documents\GitHub\DruidsOfDumnonia\DruidsofDumnonia\Library\ScriptAssemblies\Assembly-CSharp.dll
Symbol file LoadedFromMemory is not a mono symbol file
Native extension for WindowsStandalone target not found
Refreshing native plugins compatible for Editor in 0.87 ms, found 15 plugins.
Preloading 2 native plugins for Editor in 0.16 ms.
Invoked RoslynAnalysisRunner static constructor.
RoslynAnalysisRunner will not be running.
RoslynAnalysisRunner has terminated.
NullReferenceException: Object reference not set to an instance of an object
  at Unity.XR.Oculus.OculusLoader.AssetPathToAbsolutePath (System.String assetPath) [0x00048] in C:\Users\midge\Desktop\Comp3000\Unity Project\DruidsofDumnonia\Library\PackageCache\com.unity.xr.oculus@1.8.1\Runtime\OculusLoader.cs:243 
  at Unity.XR.Oculus.OculusLoader.EditorLoadOVRPlugin () [0x0007b] in C:\Users\midge\Desktop\Comp3000\Unity Project\DruidsofDumnonia\Library\PackageCache\com.unity.xr.oculus@1.8.1\Runtime\OculusLoader.cs:228 

(Filename: C:/Users/midge/Desktop/Comp3000/Unity Project/DruidsofDumnonia/Library/PackageCache/com.unity.xr.oculus@1.8.1/Runtime/OculusLoader.cs Line: 243)

Mono: successfully reloaded assembly
- Completed reload, in  0.870 seconds
Platform modules already initialized, skipping
Refreshing native plugins compatible for Editor in 0.92 ms, found 15 plugins.
Preloading 2 native plugins for Editor in 0.15 ms.
Unloading 2487 Unused Serialized files (Serialized files now loaded: 0)
System memory in use before: 123.1 MB.
System memory in use after: 123.3 MB.

Unloading 22 unused Assets to reduce memory usage. Loaded Objects now: 3068.
Total: 2.009600 ms (FindLiveObjects: 0.270900 ms CreateObjectMapping: 0.119900 ms MarkObjects: 1.550600 ms  DeleteObjects: 0.067100 ms)

========================================================================
Received Prepare
Registering precompiled user dll's ...
Registered in 0.009502 seconds.
Begin MonoManager ReloadAssembly
Symbol file data-0000019148191010 doesn't match image C:\Users\midge\Documents\GitHub\DruidsOfDumnonia\DruidsofDumnonia\Library\ScriptAssemblies\Assembly-CSharp.dll
Symbol file LoadedFromMemory is not a mono symbol file
Native extension for WindowsStandalone target not found
Refreshing native plugins compatible for Editor in 0.84 ms, found 15 plugins.
Preloading 2 native plugins for Editor in 0.14 ms.
Invoked RoslynAnalysisRunner static constructor.
RoslynAnalysisRunner will not be running.
RoslynAnalysisRunner has terminated.
NullReferenceException: Object reference not set to an instance of an object
  at Unity.XR.Oculus.OculusLoader.AssetPathToAbsolutePath (System.String assetPath) [0x00048] in C:\Users\midge\Desktop\Comp3000\Unity Project\DruidsofDumnonia\Library\PackageCache\com.unity.xr.oculus@1.8.1\Runtime\OculusLoader.cs:243 
  at Unity.XR.Oculus.OculusLoader.EditorLoadOVRPlugin () [0x0007b] in C:\Users\midge\Desktop\Comp3000\Unity Project\DruidsofDumnonia\Library\PackageCache\com.unity.xr.oculus@1.8.1\Runtime\OculusLoader.cs:228 

(Filename: C:/Users/midge/Desktop/Comp3000/Unity Project/DruidsofDumnonia/Library/PackageCache/com.unity.xr.oculus@1.8.1/Runtime/OculusLoader.cs Line: 243)

Mono: successfully reloaded assembly
- Completed reload, in  0.862 seconds
Platform modules already initialized, skipping
Refreshing native plugins compatible for Editor in 0.90 ms, found 15 plugins.
Preloading 2 native plugins for Editor in 0.23 ms.
Unloading 2487 Unused Serialized files (Serialized files now loaded: 0)
System memory in use before: 123.2 MB.
System memory in use after: 123.4 MB.

Unloading 22 unused Assets to reduce memory usage. Loaded Objects now: 3072.
Total: 3.214400 ms (FindLiveObjects: 0.280800 ms CreateObjectMapping: 0.182600 ms MarkObjects: 2.671300 ms  DeleteObjects: 0.078200 ms)

========================================================================
Received Import Request.
  Time since last request: 4581.503154 seconds.
  path: Assets/MagicArsenal/Demo/Effect Prefabs/- Generic Missiles/DazzleMissileObj.prefab
  artifactKey: Guid(661004cd2159e564298ae66a8845ca62) Importer(815301076,1909f56bfc062723c751e8b465ee728b)
Start importing Assets/MagicArsenal/Demo/Effect Prefabs/- Generic Missiles/DazzleMissileObj.prefab using Guid(661004cd2159e564298ae66a8845ca62) Importer(815301076,1909f56bfc062723c751e8b465ee728b)  -> (artifact id: '54ab123a94a2bff8daeb42b255ce8c02') in 0.050638 seconds
  Import took 0.056604 seconds .

========================================================================
Received Import Request.
  Time since last request: 0.000182 seconds.
  path: Assets/MagicArsenal/Demo/Effect Prefabs/- Generic Missiles/GoldBallMissileObj.prefab
  artifactKey: Guid(12cafb04e56850449acd59a7e3e20352) Importer(815301076,1909f56bfc062723c751e8b465ee728b)
Start importing Assets/MagicArsenal/Demo/Effect Prefabs/- Generic Missiles/GoldBallMissileObj.prefab using Guid(12cafb04e56850449acd59a7e3e20352) Importer(815301076,1909f56bfc062723c751e8b465ee728b)  -> (artifact id: '54f7a9daa62438e8c5788e08e02e8bc8') in 0.022576 seconds
  Import took 0.027670 seconds .

========================================================================
Received Import Request.
  Time since last request: 0.000156 seconds.
  path: Assets/MagicArsenal/Demo/Effect Prefabs/- Generic Missiles/SpikyMissileObj.prefab
  artifactKey: Guid(b95ee41909f1d3b40be6e54fd9680678) Importer(815301076,1909f56bfc062723c751e8b465ee728b)
Start importing Assets/MagicArsenal/Demo/Effect Prefabs/- Generic Missiles/SpikyMissileObj.prefab using Guid(b95ee41909f1d3b40be6e54fd9680678) Importer(815301076,1909f56bfc062723c751e8b465ee728b)  -> (artifact id: 'ad08939feeaf97264d7cc1c0d47c57f3') in 0.045491 seconds
  Import took 0.051639 seconds .

========================================================================
Received Import Request.
  Time since last request: 0.000180 seconds.
  path: Assets/MagicArsenal/Demo/Effect Prefabs/- Generic Missiles/RiftMissileObj.prefab
  artifactKey: Guid(8566b76fc79149a4585d983f807c09ba) Importer(815301076,1909f56bfc062723c751e8b465ee728b)
Start importing Assets/MagicArsenal/Demo/Effect Prefabs/- Generic Missiles/RiftMissileObj.prefab using Guid(8566b76fc79149a4585d983f807c09ba) Importer(815301076,1909f56bfc062723c751e8b465ee728b)  -> (artifact id: 'fbbee94eb28f5249b5093071d63a5a6b') in 0.023176 seconds
  Import took 0.028825 seconds .

========================================================================
Received Import Request.
  Time since last request: 0.000164 seconds.
  path: Assets/MagicArsenal/Demo/Effect Prefabs/- Generic Missiles/MesmerizeMissileObj.prefab
  artifactKey: Guid(f712f7e13660d5f44aabb6c10ffe3f4c) Importer(815301076,1909f56bfc062723c751e8b465ee728b)
Start importing Assets/MagicArsenal/Demo/Effect Prefabs/- Generic Missiles/MesmerizeMissileObj.prefab using Guid(f712f7e13660d5f44aabb6c10ffe3f4c) Importer(815301076,1909f56bfc062723c751e8b465ee728b)  -> (artifact id: '9335e1f1a98495f4039fa33b8f5a6738') in 0.023196 seconds
  Import took 0.028234 seconds .

========================================================================
Received Import Request.
  Time since last request: 0.000174 seconds.
  path: Assets/MagicArsenal/Demo/Effect Prefabs/- Generic Missiles/LightningGoldMissileObj.prefab
  artifactKey: Guid(64dbf163f6df6af4f9dff11bd1214a49) Importer(815301076,1909f56bfc062723c751e8b465ee728b)
Start importing Assets/MagicArsenal/Demo/Effect Prefabs/- Generic Missiles/LightningGoldMissileObj.prefab using Guid(64dbf163f6df6af4f9dff11bd1214a49) Importer(815301076,1909f56bfc062723c751e8b465ee728b)  -> (artifact id: '0705d28610b3326fc132dc917bf59d08') in 0.022138 seconds
  Import took 0.027304 seconds .

========================================================================
Received Import Request.
  Time since last request: 0.000157 seconds.
  path: Assets/MagicArsenal/Demo/Effect Prefabs/- Generic Missiles/LightningBlueMissileObj.prefab
  artifactKey: Guid(8cc19696cb7aa724c9b4a253e5704006) Importer(815301076,1909f56bfc062723c751e8b465ee728b)
Start importing Assets/MagicArsenal/Demo/Effect Prefabs/- Generic Missiles/LightningBlueMissileObj.prefab using Guid(8cc19696cb7aa724c9b4a253e5704006) Importer(815301076,1909f56bfc062723c751e8b465ee728b)  -> (artifact id: 'f676611a9c1e28871fef9ec4db2e95a4') in 0.025200 seconds
  Import took 0.029529 seconds .

========================================================================
Received Import Request.
  Time since last request: 0.000203 seconds.
  path: Assets/MagicArsenal/Demo/Effect Prefabs/- Generic Missiles/SpazMissileObj.prefab
  artifactKey: Guid(0e332bf8e396ee44fb165015a71b80ff) Importer(815301076,1909f56bfc062723c751e8b465ee728b)
Start importing Assets/MagicArsenal/Demo/Effect Prefabs/- Generic Missiles/SpazMissileObj.prefab using Guid(0e332bf8e396ee44fb165015a71b80ff) Importer(815301076,1909f56bfc062723c751e8b465ee728b)  -> (artifact id: 'a3f96b0bfbaf4741926369a081641875') in 0.021641 seconds
  Import took 0.028123 seconds .

========================================================================
Received Import Request.
  Time since last request: 0.000187 seconds.
  path: Assets/MagicArsenal/Demo/Effect Prefabs/- Generic Missiles/SnowballMissileObj.prefab
  artifactKey: Guid(1bb809aaabd434843b3210254dc3b58d) Importer(815301076,1909f56bfc062723c751e8b465ee728b)
Start importing Assets/MagicArsenal/Demo/Effect Prefabs/- Generic Missiles/SnowballMissileObj.prefab using Guid(1bb809aaabd434843b3210254dc3b58d) Importer(815301076,1909f56bfc062723c751e8b465ee728b)  -> (artifact id: '55ee772f301d7016da631f8e55f80735') in 0.022714 seconds
  Import took 0.027394 seconds .

========================================================================
Received Import Request.
  Time since last request: 0.000204 seconds.
  path: Assets/MagicArsenal/Demo/Effect Prefabs/- Generic Missiles/FluffMissileObj.prefab
  artifactKey: Guid(8a56566cdc1f575439ddf9941b05c44a) Importer(815301076,1909f56bfc062723c751e8b465ee728b)
Start importing Assets/MagicArsenal/Demo/Effect Prefabs/- Generic Missiles/FluffMissileObj.prefab using Guid(8a56566cdc1f575439ddf9941b05c44a) Importer(815301076,1909f56bfc062723c751e8b465ee728b)  -> (artifact id: '23d68a6b3a8fe7c5b2104025a3b67eb3') in 0.023298 seconds
  Import took 0.028113 seconds .

========================================================================
Received Import Request.
  Time since last request: 0.000164 seconds.
  path: Assets/MagicArsenal/Demo/Effect Prefabs/- Generic Missiles/SoulMissileObj.prefab
  artifactKey: Guid(1a9677d2dd15c6b4f9efc37db66514d5) Importer(815301076,1909f56bfc062723c751e8b465ee728b)
Start importing Assets/MagicArsenal/Demo/Effect Prefabs/- Generic Missiles/SoulMissileObj.prefab using Guid(1a9677d2dd15c6b4f9efc37db66514d5) Importer(815301076,1909f56bfc062723c751e8b465ee728b)  -> (artifact id: 'e9c1435228487719dbc9502a0de1dece') in 0.022132 seconds
  Import took 0.027463 seconds .

========================================================================
Received Import Request.
  Time since last request: 0.000196 seconds.
  path: Assets/MagicArsenal/Demo/Effect Prefabs/- Generic Missiles/VoidMissileObj.prefab
  artifactKey: Guid(ae3a303f76739464f86f24a7d6f5d549) Importer(815301076,1909f56bfc062723c751e8b465ee728b)
Start importing Assets/MagicArsenal/Demo/Effect Prefabs/- Generic Missiles/VoidMissileObj.prefab using Guid(ae3a303f76739464f86f24a7d6f5d549) Importer(815301076,1909f56bfc062723c751e8b465ee728b)  -> (artifact id: '8aa267490933c6f25454f6fadfaf66c3') in 0.023855 seconds
  Import took 0.028972 seconds .

========================================================================
Received Import Request.
  Time since last request: 0.000195 seconds.
  path: Assets/MagicArsenal/Demo/Effect Prefabs/- Generic Missiles/GhostMissileObj.prefab
  artifactKey: Guid(b7b54d1ac8fcc6a44b473ef30c113a7b) Importer(815301076,1909f56bfc062723c751e8b465ee728b)
Start importing Assets/MagicArsenal/Demo/Effect Prefabs/- Generic Missiles/GhostMissileObj.prefab using Guid(b7b54d1ac8fcc6a44b473ef30c113a7b) Importer(815301076,1909f56bfc062723c751e8b465ee728b)  -> (artifact id: 'ac8e48ed0c05bacd3910e3c54a7d0abf') in 0.023446 seconds
  Import took 0.028132 seconds .

========================================================================
Received Import Request.
  Time since last request: 0.000171 seconds.
  path: Assets/MagicArsenal/Demo/Effect Prefabs/- Generic Missiles/GreenVortexMissileObj.prefab
  artifactKey: Guid(691f17ad737ee4842acf6317ad06352c) Importer(815301076,1909f56bfc062723c751e8b465ee728b)
Start importing Assets/MagicArsenal/Demo/Effect Prefabs/- Generic Missiles/GreenVortexMissileObj.prefab using Guid(691f17ad737ee4842acf6317ad06352c) Importer(815301076,1909f56bfc062723c751e8b465ee728b)  -> (artifact id: 'd6eb6bd5179f330dfa2842dc430eba80') in 0.022357 seconds
  Import took 0.027416 seconds .

========================================================================
Received Import Request.
  Time since last request: 0.000188 seconds.
  path: Assets/MagicArsenal/Demo/Effect Prefabs/- Generic Missiles/SpaceSparkleMissileObj.prefab
  artifactKey: Guid(dcffc93aad531544d9e13e3372a47eab) Importer(815301076,1909f56bfc062723c751e8b465ee728b)
Start importing Assets/MagicArsenal/Demo/Effect Prefabs/- Generic Missiles/SpaceSparkleMissileObj.prefab using Guid(dcffc93aad531544d9e13e3372a47eab) Importer(815301076,1909f56bfc062723c751e8b465ee728b)  -> (artifact id: '1a825850c0530e7ad7a07441451170a0') in 0.022263 seconds
  Import took 0.026969 seconds .

========================================================================
Received Import Request.
  Time since last request: 9.959129 seconds.
  path: Assets/MagicArsenal/Demo/Effect Prefabs/Missiles/Normal/ArcaneNormalObj.prefab
  artifactKey: Guid(538360dad8d90fe438d0b88cabc31eaf) Importer(815301076,1909f56bfc062723c751e8b465ee728b)
Start importing Assets/MagicArsenal/Demo/Effect Prefabs/Missiles/Normal/ArcaneNormalObj.prefab using Guid(538360dad8d90fe438d0b88cabc31eaf) Importer(815301076,1909f56bfc062723c751e8b465ee728b)  -> (artifact id: 'f1b6501a1af3b161d270e75670aafe3a') in 0.024525 seconds
  Import took 0.029744 seconds .

========================================================================
Received Import Request.
  Time since last request: 0.000212 seconds.
  path: Assets/MagicArsenal/Demo/Effect Prefabs/Missiles/Normal/EarthNormalObj.prefab
  artifactKey: Guid(caeadd7abca85604ca0faf53d44d32b4) Importer(815301076,1909f56bfc062723c751e8b465ee728b)
Start importing Assets/MagicArsenal/Demo/Effect Prefabs/Missiles/Normal/EarthNormalObj.prefab using Guid(caeadd7abca85604ca0faf53d44d32b4) Importer(815301076,1909f56bfc062723c751e8b465ee728b)  -> (artifact id: '56bbda3849074a14842ffb65c8befcc5') in 0.028829 seconds
  Import took 0.035655 seconds .

========================================================================
Received Import Request.
  Time since last request: 0.000208 seconds.
  path: Assets/MagicArsenal/Demo/Effect Prefabs/Missiles/Normal/FrostNormalObj.prefab
  artifactKey: Guid(b668bc008f1943b4cbadb60eab2ad4eb) Importer(815301076,1909f56bfc062723c751e8b465ee728b)
Start importing Assets/MagicArsenal/Demo/Effect Prefabs/Missiles/Normal/FrostNormalObj.prefab using Guid(b668bc008f1943b4cbadb60eab2ad4eb) Importer(815301076,1909f56bfc062723c751e8b465ee728b)  -> (artifact id: '0732a58a3e6b35326fa3d458129b7f8b') in 0.046127 seconds
  Import took 0.051498 seconds .

========================================================================
Received Import Request.
  Time since last request: 0.000147 seconds.
  path: Assets/MagicArsenal/Demo/Effect Prefabs/Missiles/Normal/LightningNormalObj.prefab
  artifactKey: Guid(9b122eea2bbda3040b51f93893de32f7) Importer(815301076,1909f56bfc062723c751e8b465ee728b)
Start importing Assets/MagicArsenal/Demo/Effect Prefabs/Missiles/Normal/LightningNormalObj.prefab using Guid(9b122eea2bbda3040b51f93893de32f7) Importer(815301076,1909f56bfc062723c751e8b465ee728b)  -> (artifact id: '215c69fc7670b76a81a136c7db908b3a') in 0.027530 seconds
  Import took 0.031782 seconds .

========================================================================
Received Import Request.
  Time since last request: 0.000145 seconds.
  path: Assets/MagicArsenal/Demo/Effect Prefabs/Missiles/Normal/LifeNormalObj.prefab
  artifactKey: Guid(860c75ded383ed64fb222c1f7c85dba3) Importer(815301076,1909f56bfc062723c751e8b465ee728b)
Start importing Assets/MagicArsenal/Demo/Effect Prefabs/Missiles/Normal/LifeNormalObj.prefab using Guid(860c75ded383ed64fb222c1f7c85dba3) Importer(815301076,1909f56bfc062723c751e8b465ee728b)  -> (artifact id: '5a18602ea4ac84c298ee7862b2aef805') in 0.026152 seconds
  Import took 0.030533 seconds .

========================================================================
Received Import Request.
  Time since last request: 0.000172 seconds.
  path: Assets/MagicArsenal/Demo/Effect Prefabs/Missiles/Normal/WaterNormalObj.prefab
  artifactKey: Guid(9e7e314d7b691dc489eacade971bc2e7) Importer(815301076,1909f56bfc062723c751e8b465ee728b)
Start importing Assets/MagicArsenal/Demo/Effect Prefabs/Missiles/Normal/WaterNormalObj.prefab using Guid(9e7e314d7b691dc489eacade971bc2e7) Importer(815301076,1909f56bfc062723c751e8b465ee728b)  -> (artifact id: '289bc7b4daecc64ab5c49e50cbd7ec20') in 0.028418 seconds
  Import took 0.033028 seconds .

========================================================================
Received Import Request.
  Time since last request: 0.000172 seconds.
  path: Assets/MagicArsenal/Demo/Effect Prefabs/Missiles/Normal/ShadowNormalObj.prefab
  artifactKey: Guid(a6466be6604f15a4181fda93e8244f7e) Importer(815301076,1909f56bfc062723c751e8b465ee728b)
Start importing Assets/MagicArsenal/Demo/Effect Prefabs/Missiles/Normal/ShadowNormalObj.prefab using Guid(a6466be6604f15a4181fda93e8244f7e) Importer(815301076,1909f56bfc062723c751e8b465ee728b)  -> (artifact id: '6a57b188852ffe3e9e4f54c31845ffb0') in 0.028872 seconds
  Import took 0.034007 seconds .

========================================================================
Received Import Request.
  Time since last request: 0.000158 seconds.
  path: Assets/MagicArsenal/Demo/Effect Prefabs/Missiles/Normal/LightNormalObj.prefab
  artifactKey: Guid(5a29af11cae1b574e9e242e9c576170d) Importer(815301076,1909f56bfc062723c751e8b465ee728b)
Start importing Assets/MagicArsenal/Demo/Effect Prefabs/Missiles/Normal/LightNormalObj.prefab using Guid(5a29af11cae1b574e9e242e9c576170d) Importer(815301076,1909f56bfc062723c751e8b465ee728b)  -> (artifact id: '620da4b25a96df1f859dbb3724f32c28') in 0.027228 seconds
  Import took 0.031428 seconds .

========================================================================
Received Import Request.
  Time since last request: 0.000145 seconds.
  path: Assets/MagicArsenal/Demo/Effect Prefabs/Missiles/Normal/StormNormalObj.prefab
  artifactKey: Guid(5362e5478c85f994aa2ce83b36f715e3) Importer(815301076,1909f56bfc062723c751e8b465ee728b)
Start importing Assets/MagicArsenal/Demo/Effect Prefabs/Missiles/Normal/StormNormalObj.prefab using Guid(5362e5478c85f994aa2ce83b36f715e3) Importer(815301076,1909f56bfc062723c751e8b465ee728b)  -> (artifact id: 'cbc6651bc2e68097f683ab9b37f06230') in 0.026908 seconds
  Import took 0.031121 seconds .

========================================================================
Received Import Request.
  Time since last request: 2.722218 seconds.
  path: Assets/MagicArsenal/Demo/Effect Prefabs/Missiles/Small/ArcaneSmallObj.prefab
  artifactKey: Guid(3e1b2df5b9db3bc479cf5e383f2f23e4) Importer(815301076,1909f56bfc062723c751e8b465ee728b)
Start importing Assets/MagicArsenal/Demo/Effect Prefabs/Missiles/Small/ArcaneSmallObj.prefab using Guid(3e1b2df5b9db3bc479cf5e383f2f23e4) Importer(815301076,1909f56bfc062723c751e8b465ee728b)  -> (artifact id: 'c7574f915dec414ed4722182d6ea0d6d') in 0.020392 seconds
  Import took 0.025047 seconds .

========================================================================
Received Import Request.
  Time since last request: 0.000164 seconds.
  path: Assets/MagicArsenal/Demo/Effect Prefabs/Missiles/Small/EarthSmallObj.prefab
  artifactKey: Guid(282615179c2d9ca48a205b00c31e7efa) Importer(815301076,1909f56bfc062723c751e8b465ee728b)
Start importing Assets/MagicArsenal/Demo/Effect Prefabs/Missiles/Small/EarthSmallObj.prefab using Guid(282615179c2d9ca48a205b00c31e7efa) Importer(815301076,1909f56bfc062723c751e8b465ee728b)  -> (artifact id: '7ad25141c5e944af9d9eb5055dbd95ce') in 0.020726 seconds
  Import took 0.026024 seconds .

========================================================================
Received Import Request.
  Time since last request: 0.000181 seconds.
  path: Assets/MagicArsenal/Demo/Effect Prefabs/Missiles/Small/WaterSmallObj.prefab
  artifactKey: Guid(8d58fc062c2f9af489471bc7f8133bcc) Importer(815301076,1909f56bfc062723c751e8b465ee728b)
Start importing Assets/MagicArsenal/Demo/Effect Prefabs/Missiles/Small/WaterSmallObj.prefab using Guid(8d58fc062c2f9af489471bc7f8133bcc) Importer(815301076,1909f56bfc062723c751e8b465ee728b)  -> (artifact id: '7a746dee05258b674058e9147e8defb8') in 0.045118 seconds
  Import took 0.051887 seconds .

========================================================================
Received Import Request.
  Time since last request: 0.000193 seconds.
  path: Assets/MagicArsenal/Demo/Effect Prefabs/Missiles/Small/LightningSmallObj.prefab
  artifactKey: Guid(ad45f6ec2617f59488fe5abdd3d26258) Importer(815301076,1909f56bfc062723c751e8b465ee728b)
Start importing Assets/MagicArsenal/Demo/Effect Prefabs/Missiles/Small/LightningSmallObj.prefab using Guid(ad45f6ec2617f59488fe5abdd3d26258) Importer(815301076,1909f56bfc062723c751e8b465ee728b)  -> (artifact id: 'e958f4443a779b6c86f17b81bd51ac8d') in 0.022533 seconds
  Import took 0.027363 seconds .

========================================================================
Received Import Request.
  Time since last request: 0.000195 seconds.
  path: Assets/MagicArsenal/Demo/Effect Prefabs/Missiles/Small/LightSmallObj.prefab
  artifactKey: Guid(0bf4644c6e2899840b08dddb628eaeda) Importer(815301076,1909f56bfc062723c751e8b465ee728b)
Start importing Assets/MagicArsenal/Demo/Effect Prefabs/Missiles/Small/LightSmallObj.prefab using Guid(0bf4644c6e2899840b08dddb628eaeda) Importer(815301076,1909f56bfc062723c751e8b465ee728b)  -> (artifact id: '956ffa1aee8bfc1ac6c2cd7a4265ad17') in 0.023668 seconds
  Import took 0.028798 seconds .

========================================================================
Received Import Request.
  Time since last request: 0.000162 seconds.
  path: Assets/MagicArsenal/Demo/Effect Prefabs/Missiles/Small/LifeSmallObj.prefab
  artifactKey: Guid(1e5b97047946ba945b75af5739b0a0ff) Importer(815301076,1909f56bfc062723c751e8b465ee728b)
Start importing Assets/MagicArsenal/Demo/Effect Prefabs/Missiles/Small/LifeSmallObj.prefab using Guid(1e5b97047946ba945b75af5739b0a0ff) Importer(815301076,1909f56bfc062723c751e8b465ee728b)  -> (artifact id: '387b6d42f8d9b94354fc59988c976242') in 0.022473 seconds
  Import took 0.027201 seconds .

========================================================================
Received Import Request.
  Time since last request: 0.000194 seconds.
  path: Assets/MagicArsenal/Demo/Effect Prefabs/Missiles/Small/FrostSmallObj.prefab
  artifactKey: Guid(0c30de7e2cfa1ed44b6e3c1ca6faf35e) Importer(815301076,1909f56bfc062723c751e8b465ee728b)
Start importing Assets/MagicArsenal/Demo/Effect Prefabs/Missiles/Small/FrostSmallObj.prefab using Guid(0c30de7e2cfa1ed44b6e3c1ca6faf35e) Importer(815301076,1909f56bfc062723c751e8b465ee728b)  -> (artifact id: '4cd9a387edb85a8a16217133fa360769') in 0.022063 seconds
  Import took 0.026818 seconds .

========================================================================
Received Import Request.
  Time since last request: 0.000157 seconds.
  path: Assets/MagicArsenal/Demo/Effect Prefabs/Missiles/Small/ShadowSmallObj.prefab
  artifactKey: Guid(a0d8770ce24a4b14d8bff98ec4f3166e) Importer(815301076,1909f56bfc062723c751e8b465ee728b)
Start importing Assets/MagicArsenal/Demo/Effect Prefabs/Missiles/Small/ShadowSmallObj.prefab using Guid(a0d8770ce24a4b14d8bff98ec4f3166e) Importer(815301076,1909f56bfc062723c751e8b465ee728b)  -> (artifact id: 'e41a8b6952b25364b85703e791479e29') in 0.022987 seconds
  Import took 0.028068 seconds .

========================================================================
Received Import Request.
  Time since last request: 0.000166 seconds.
  path: Assets/MagicArsenal/Demo/Effect Prefabs/Missiles/Small/StormSmallObj.prefab
  artifactKey: Guid(a172f6b7d35b22148bd4e492f037a5ef) Importer(815301076,1909f56bfc062723c751e8b465ee728b)
Start importing Assets/MagicArsenal/Demo/Effect Prefabs/Missiles/Small/StormSmallObj.prefab using Guid(a172f6b7d35b22148bd4e492f037a5ef) Importer(815301076,1909f56bfc062723c751e8b465ee728b)  -> (artifact id: 'e94a6e762e9432f0bc2a0af19241e25f') in 0.023547 seconds
  Import took 0.028359 seconds .

========================================================================
Received Prepare
Registering precompiled user dll's ...
Registered in 0.008188 seconds.
Begin MonoManager ReloadAssembly
Native extension for WindowsStandalone target not found
Refreshing native plugins compatible for Editor in 0.95 ms, found 15 plugins.
Preloading 2 native plugins for Editor in 0.16 ms.
Invoked RoslynAnalysisRunner static constructor.
RoslynAnalysisRunner will not be running.
RoslynAnalysisRunner has terminated.
NullReferenceException: Object reference not set to an instance of an object
  at Unity.XR.Oculus.OculusLoader.AssetPathToAbsolutePath (System.String assetPath) [0x00048] in C:\Users\midge\Desktop\Comp3000\Unity Project\DruidsofDumnonia\Library\PackageCache\com.unity.xr.oculus@1.8.1\Runtime\OculusLoader.cs:243 
  at Unity.XR.Oculus.OculusLoader.EditorLoadOVRPlugin () [0x0007b] in C:\Users\midge\Desktop\Comp3000\Unity Project\DruidsofDumnonia\Library\PackageCache\com.unity.xr.oculus@1.8.1\Runtime\OculusLoader.cs:228 

(Filename: C:/Users/midge/Desktop/Comp3000/Unity Project/DruidsofDumnonia/Library/PackageCache/com.unity.xr.oculus@1.8.1/Runtime/OculusLoader.cs Line: 243)

Mono: successfully reloaded assembly
- Completed reload, in  0.942 seconds
Platform modules already initialized, skipping
Refreshing native plugins compatible for Editor in 0.87 ms, found 15 plugins.
Preloading 2 native plugins for Editor in 0.14 ms.
Unloading 2487 Unused Serialized files (Serialized files now loaded: 0)
System memory in use before: 123.5 MB.
System memory in use after: 123.7 MB.

Unloading 22 unused Assets to reduce memory usage. Loaded Objects now: 3076.
Total: 1.991300 ms (FindLiveObjects: 0.252000 ms CreateObjectMapping: 0.114500 ms MarkObjects: 1.564900 ms  DeleteObjects: 0.058600 ms)

========================================================================
Received Prepare
Registering precompiled user dll's ...
Registered in 0.008572 seconds.
Begin MonoManager ReloadAssembly
Native extension for WindowsStandalone target not found
Refreshing native plugins compatible for Editor in 1.12 ms, found 15 plugins.
Preloading 2 native plugins for Editor in 0.19 ms.
Invoked RoslynAnalysisRunner static constructor.
RoslynAnalysisRunner will not be running.
RoslynAnalysisRunner has terminated.
NullReferenceException: Object reference not set to an instance of an object
  at Unity.XR.Oculus.OculusLoader.AssetPathToAbsolutePath (System.String assetPath) [0x00048] in C:\Users\midge\Desktop\Comp3000\Unity Project\DruidsofDumnonia\Library\PackageCache\com.unity.xr.oculus@1.8.1\Runtime\OculusLoader.cs:243 
  at Unity.XR.Oculus.OculusLoader.EditorLoadOVRPlugin () [0x0007b] in C:\Users\midge\Desktop\Comp3000\Unity Project\DruidsofDumnonia\Library\PackageCache\com.unity.xr.oculus@1.8.1\Runtime\OculusLoader.cs:228 

(Filename: C:/Users/midge/Desktop/Comp3000/Unity Project/DruidsofDumnonia/Library/PackageCache/com.unity.xr.oculus@1.8.1/Runtime/OculusLoader.cs Line: 243)

Mono: successfully reloaded assembly
- Completed reload, in  0.945 seconds
Platform modules already initialized, skipping
Refreshing native plugins compatible for Editor in 0.85 ms, found 15 plugins.
Preloading 2 native plugins for Editor in 0.13 ms.
Unloading 2487 Unused Serialized files (Serialized files now loaded: 0)
System memory in use before: 123.5 MB.
System memory in use after: 123.7 MB.

Unloading 22 unused Assets to reduce memory usage. Loaded Objects now: 3080.
Total: 2.312700 ms (FindLiveObjects: 0.369600 ms CreateObjectMapping: 0.153600 ms MarkObjects: 1.724100 ms  DeleteObjects: 0.063800 ms)

========================================================================
Received Prepare
Registering precompiled user dll's ...
Registered in 0.009041 seconds.
Begin MonoManager ReloadAssembly
Native extension for WindowsStandalone target not found
Refreshing native plugins compatible for Editor in 0.95 ms, found 15 plugins.
Preloading 2 native plugins for Editor in 0.29 ms.
Invoked RoslynAnalysisRunner static constructor.
RoslynAnalysisRunner will not be running.
RoslynAnalysisRunner has terminated.
NullReferenceException: Object reference not set to an instance of an object
  at Unity.XR.Oculus.OculusLoader.AssetPathToAbsolutePath (System.String assetPath) [0x00048] in C:\Users\midge\Desktop\Comp3000\Unity Project\DruidsofDumnonia\Library\PackageCache\com.unity.xr.oculus@1.8.1\Runtime\OculusLoader.cs:243 
  at Unity.XR.Oculus.OculusLoader.EditorLoadOVRPlugin () [0x0007b] in C:\Users\midge\Desktop\Comp3000\Unity Project\DruidsofDumnonia\Library\PackageCache\com.unity.xr.oculus@1.8.1\Runtime\OculusLoader.cs:228 

(Filename: C:/Users/midge/Desktop/Comp3000/Unity Project/DruidsofDumnonia/Library/PackageCache/com.unity.xr.oculus@1.8.1/Runtime/OculusLoader.cs Line: 243)

Mono: successfully reloaded assembly
- Completed reload, in  0.883 seconds
Platform modules already initialized, skipping
Refreshing native plugins compatible for Editor in 0.87 ms, found 15 plugins.
Preloading 2 native plugins for Editor in 0.13 ms.
Unloading 2487 Unused Serialized files (Serialized files now loaded: 0)
System memory in use before: 123.5 MB.
System memory in use after: 123.7 MB.

Unloading 22 unused Assets to reduce memory usage. Loaded Objects now: 3084.
Total: 2.014000 ms (FindLiveObjects: 0.263300 ms CreateObjectMapping: 0.112300 ms MarkObjects: 1.577600 ms  DeleteObjects: 0.060000 ms)

========================================================================
Received Prepare
Registering precompiled user dll's ...
Registered in 0.010193 seconds.
Begin MonoManager ReloadAssembly
Native extension for WindowsStandalone target not found
Refreshing native plugins compatible for Editor in 0.91 ms, found 15 plugins.
Preloading 2 native plugins for Editor in 0.17 ms.
Invoked RoslynAnalysisRunner static constructor.
RoslynAnalysisRunner will not be running.
RoslynAnalysisRunner has terminated.
NullReferenceException: Object reference not set to an instance of an object
  at Unity.XR.Oculus.OculusLoader.AssetPathToAbsolutePath (System.String assetPath) [0x00048] in C:\Users\midge\Desktop\Comp3000\Unity Project\DruidsofDumnonia\Library\PackageCache\com.unity.xr.oculus@1.8.1\Runtime\OculusLoader.cs:243 
  at Unity.XR.Oculus.OculusLoader.EditorLoadOVRPlugin () [0x0007b] in C:\Users\midge\Desktop\Comp3000\Unity Project\DruidsofDumnonia\Library\PackageCache\com.unity.xr.oculus@1.8.1\Runtime\OculusLoader.cs:228 

(Filename: C:/Users/midge/Desktop/Comp3000/Unity Project/DruidsofDumnonia/Library/PackageCache/com.unity.xr.oculus@1.8.1/Runtime/OculusLoader.cs Line: 243)

Mono: successfully reloaded assembly
- Completed reload, in  0.910 seconds
Platform modules already initialized, skipping
Refreshing native plugins compatible for Editor in 0.86 ms, found 15 plugins.
Preloading 2 native plugins for Editor in 0.13 ms.
Unloading 2487 Unused Serialized files (Serialized files now loaded: 0)
System memory in use before: 123.4 MB.
System memory in use after: 123.6 MB.

Unloading 22 unused Assets to reduce memory usage. Loaded Objects now: 3088.
Total: 2.354200 ms (FindLiveObjects: 0.277100 ms CreateObjectMapping: 0.160600 ms MarkObjects: 1.822100 ms  DeleteObjects: 0.093500 ms)

========================================================================
Received Prepare
Registering precompiled user dll's ...
Registered in 0.008764 seconds.
Begin MonoManager ReloadAssembly
Native extension for WindowsStandalone target not found
Refreshing native plugins compatible for Editor in 1.06 ms, found 15 plugins.
Preloading 2 native plugins for Editor in 0.20 ms.
Invoked RoslynAnalysisRunner static constructor.
RoslynAnalysisRunner will not be running.
RoslynAnalysisRunner has terminated.
NullReferenceException: Object reference not set to an instance of an object
  at Unity.XR.Oculus.OculusLoader.AssetPathToAbsolutePath (System.String assetPath) [0x00048] in C:\Users\midge\Desktop\Comp3000\Unity Project\DruidsofDumnonia\Library\PackageCache\com.unity.xr.oculus@1.8.1\Runtime\OculusLoader.cs:243 
  at Unity.XR.Oculus.OculusLoader.EditorLoadOVRPlugin () [0x0007b] in C:\Users\midge\Desktop\Comp3000\Unity Project\DruidsofDumnonia\Library\PackageCache\com.unity.xr.oculus@1.8.1\Runtime\OculusLoader.cs:228 

(Filename: C:/Users/midge/Desktop/Comp3000/Unity Project/DruidsofDumnonia/Library/PackageCache/com.unity.xr.oculus@1.8.1/Runtime/OculusLoader.cs Line: 243)

Mono: successfully reloaded assembly
- Completed reload, in  0.935 seconds
Platform modules already initialized, skipping
Refreshing native plugins compatible for Editor in 0.86 ms, found 15 plugins.
Preloading 2 native plugins for Editor in 0.13 ms.
Unloading 2487 Unused Serialized files (Serialized files now loaded: 0)
System memory in use before: 123.5 MB.
System memory in use after: 123.7 MB.

Unloading 22 unused Assets to reduce memory usage. Loaded Objects now: 3092.
Total: 2.303200 ms (FindLiveObjects: 0.380900 ms CreateObjectMapping: 0.136100 ms MarkObjects: 1.716000 ms  DeleteObjects: 0.068900 ms)

========================================================================
Received Prepare
Registering precompiled user dll's ...
Registered in 0.008106 seconds.
Begin MonoManager ReloadAssembly
Native extension for WindowsStandalone target not found
Refreshing native plugins compatible for Editor in 0.87 ms, found 15 plugins.
Preloading 2 native plugins for Editor in 0.15 ms.
Invoked RoslynAnalysisRunner static constructor.
RoslynAnalysisRunner will not be running.
RoslynAnalysisRunner has terminated.
NullReferenceException: Object reference not set to an instance of an object
  at Unity.XR.Oculus.OculusLoader.AssetPathToAbsolutePath (System.String assetPath) [0x00048] in C:\Users\midge\Desktop\Comp3000\Unity Project\DruidsofDumnonia\Library\PackageCache\com.unity.xr.oculus@1.8.1\Runtime\OculusLoader.cs:243 
  at Unity.XR.Oculus.OculusLoader.EditorLoadOVRPlugin () [0x0007b] in C:\Users\midge\Desktop\Comp3000\Unity Project\DruidsofDumnonia\Library\PackageCache\com.unity.xr.oculus@1.8.1\Runtime\OculusLoader.cs:228 

(Filename: C:/Users/midge/Desktop/Comp3000/Unity Project/DruidsofDumnonia/Library/PackageCache/com.unity.xr.oculus@1.8.1/Runtime/OculusLoader.cs Line: 243)

Mono: successfully reloaded assembly
- Completed reload, in  0.899 seconds
Platform modules already initialized, skipping
Refreshing native plugins compatible for Editor in 0.94 ms, found 15 plugins.
Preloading 2 native plugins for Editor in 0.14 ms.
Unloading 2487 Unused Serialized files (Serialized files now loaded: 0)
System memory in use before: 123.5 MB.
System memory in use after: 123.7 MB.

Unloading 22 unused Assets to reduce memory usage. Loaded Objects now: 3096.
Total: 2.092800 ms (FindLiveObjects: 0.359600 ms CreateObjectMapping: 0.150300 ms MarkObjects: 1.523100 ms  DeleteObjects: 0.058700 ms)

========================================================================
Received Prepare
Registering precompiled user dll's ...
Registered in 0.009423 seconds.
Begin MonoManager ReloadAssembly
Native extension for WindowsStandalone target not found
Refreshing native plugins compatible for Editor in 0.91 ms, found 15 plugins.
Preloading 2 native plugins for Editor in 0.16 ms.
Invoked RoslynAnalysisRunner static constructor.
RoslynAnalysisRunner will not be running.
RoslynAnalysisRunner has terminated.
NullReferenceException: Object reference not set to an instance of an object
  at Unity.XR.Oculus.OculusLoader.AssetPathToAbsolutePath (System.String assetPath) [0x00048] in C:\Users\midge\Desktop\Comp3000\Unity Project\DruidsofDumnonia\Library\PackageCache\com.unity.xr.oculus@1.8.1\Runtime\OculusLoader.cs:243 
  at Unity.XR.Oculus.OculusLoader.EditorLoadOVRPlugin () [0x0007b] in C:\Users\midge\Desktop\Comp3000\Unity Project\DruidsofDumnonia\Library\PackageCache\com.unity.xr.oculus@1.8.1\Runtime\OculusLoader.cs:228 

(Filename: C:/Users/midge/Desktop/Comp3000/Unity Project/DruidsofDumnonia/Library/PackageCache/com.unity.xr.oculus@1.8.1/Runtime/OculusLoader.cs Line: 243)

Mono: successfully reloaded assembly
- Completed reload, in  0.881 seconds
Platform modules already initialized, skipping
Refreshing native plugins compatible for Editor in 1.09 ms, found 15 plugins.
Preloading 2 native plugins for Editor in 0.16 ms.
Unloading 2487 Unused Serialized files (Serialized files now loaded: 0)
System memory in use before: 123.5 MB.
System memory in use after: 123.7 MB.

Unloading 22 unused Assets to reduce memory usage. Loaded Objects now: 3100.
Total: 1.958500 ms (FindLiveObjects: 0.268500 ms CreateObjectMapping: 0.127100 ms MarkObjects: 1.500800 ms  DeleteObjects: 0.061300 ms)

========================================================================
Received Prepare
Registering precompiled user dll's ...
Registered in 0.008541 seconds.
Begin MonoManager ReloadAssembly
Native extension for WindowsStandalone target not found
Refreshing native plugins compatible for Editor in 0.86 ms, found 15 plugins.
Preloading 2 native plugins for Editor in 0.16 ms.
Invoked RoslynAnalysisRunner static constructor.
RoslynAnalysisRunner will not be running.
RoslynAnalysisRunner has terminated.
NullReferenceException: Object reference not set to an instance of an object
  at Unity.XR.Oculus.OculusLoader.AssetPathToAbsolutePath (System.String assetPath) [0x00048] in C:\Users\midge\Desktop\Comp3000\Unity Project\DruidsofDumnonia\Library\PackageCache\com.unity.xr.oculus@1.8.1\Runtime\OculusLoader.cs:243 
  at Unity.XR.Oculus.OculusLoader.EditorLoadOVRPlugin () [0x0007b] in C:\Users\midge\Desktop\Comp3000\Unity Project\DruidsofDumnonia\Library\PackageCache\com.unity.xr.oculus@1.8.1\Runtime\OculusLoader.cs:228 

(Filename: C:/Users/midge/Desktop/Comp3000/Unity Project/DruidsofDumnonia/Library/PackageCache/com.unity.xr.oculus@1.8.1/Runtime/OculusLoader.cs Line: 243)

Mono: successfully reloaded assembly
- Completed reload, in  0.939 seconds
Platform modules already initialized, skipping
Refreshing native plugins compatible for Editor in 0.88 ms, found 15 plugins.
Preloading 2 native plugins for Editor in 0.13 ms.
Unloading 2487 Unused Serialized files (Serialized files now loaded: 0)
System memory in use before: 123.6 MB.
System memory in use after: 123.8 MB.

Unloading 22 unused Assets to reduce memory usage. Loaded Objects now: 3104.
Total: 2.206000 ms (FindLiveObjects: 0.342600 ms CreateObjectMapping: 0.132400 ms MarkObjects: 1.670300 ms  DeleteObjects: 0.059800 ms)

========================================================================
Received Prepare
Registering precompiled user dll's ...
Registered in 0.008204 seconds.
Begin MonoManager ReloadAssembly
Native extension for WindowsStandalone target not found
Refreshing native plugins compatible for Editor in 0.92 ms, found 15 plugins.
Preloading 2 native plugins for Editor in 0.16 ms.
Invoked RoslynAnalysisRunner static constructor.
RoslynAnalysisRunner will not be running.
RoslynAnalysisRunner has terminated.
NullReferenceException: Object reference not set to an instance of an object
  at Unity.XR.Oculus.OculusLoader.AssetPathToAbsolutePath (System.String assetPath) [0x00048] in C:\Users\midge\Desktop\Comp3000\Unity Project\DruidsofDumnonia\Library\PackageCache\com.unity.xr.oculus@1.8.1\Runtime\OculusLoader.cs:243 
  at Unity.XR.Oculus.OculusLoader.EditorLoadOVRPlugin () [0x0007b] in C:\Users\midge\Desktop\Comp3000\Unity Project\DruidsofDumnonia\Library\PackageCache\com.unity.xr.oculus@1.8.1\Runtime\OculusLoader.cs:228 

(Filename: C:/Users/midge/Desktop/Comp3000/Unity Project/DruidsofDumnonia/Library/PackageCache/com.unity.xr.oculus@1.8.1/Runtime/OculusLoader.cs Line: 243)

Mono: successfully reloaded assembly
- Completed reload, in  0.916 seconds
Platform modules already initialized, skipping
Refreshing native plugins compatible for Editor in 0.86 ms, found 15 plugins.
Preloading 2 native plugins for Editor in 0.13 ms.
Unloading 2487 Unused Serialized files (Serialized files now loaded: 0)
System memory in use before: 123.5 MB.
System memory in use after: 123.7 MB.

Unloading 22 unused Assets to reduce memory usage. Loaded Objects now: 3108.
Total: 2.069200 ms (FindLiveObjects: 0.303100 ms CreateObjectMapping: 0.138400 ms MarkObjects: 1.561000 ms  DeleteObjects: 0.065600 ms)

========================================================================
Received Prepare
Registering precompiled user dll's ...
Registered in 0.009348 seconds.
Begin MonoManager ReloadAssembly
Native extension for WindowsStandalone target not found
Refreshing native plugins compatible for Editor in 0.88 ms, found 15 plugins.
Preloading 2 native plugins for Editor in 0.14 ms.
Invoked RoslynAnalysisRunner static constructor.
RoslynAnalysisRunner will not be running.
RoslynAnalysisRunner has terminated.
NullReferenceException: Object reference not set to an instance of an object
  at Unity.XR.Oculus.OculusLoader.AssetPathToAbsolutePath (System.String assetPath) [0x00048] in C:\Users\midge\Desktop\Comp3000\Unity Project\DruidsofDumnonia\Library\PackageCache\com.unity.xr.oculus@1.8.1\Runtime\OculusLoader.cs:243 
  at Unity.XR.Oculus.OculusLoader.EditorLoadOVRPlugin () [0x0007b] in C:\Users\midge\Desktop\Comp3000\Unity Project\DruidsofDumnonia\Library\PackageCache\com.unity.xr.oculus@1.8.1\Runtime\OculusLoader.cs:228 

(Filename: C:/Users/midge/Desktop/Comp3000/Unity Project/DruidsofDumnonia/Library/PackageCache/com.unity.xr.oculus@1.8.1/Runtime/OculusLoader.cs Line: 243)

Mono: successfully reloaded assembly
- Completed reload, in  1.006 seconds
Platform modules already initialized, skipping
Refreshing native plugins compatible for Editor in 0.85 ms, found 15 plugins.
Preloading 2 native plugins for Editor in 0.13 ms.
Unloading 2487 Unused Serialized files (Serialized files now loaded: 0)
System memory in use before: 123.6 MB.
System memory in use after: 123.8 MB.

Unloading 22 unused Assets to reduce memory usage. Loaded Objects now: 3112.
Total: 1.968400 ms (FindLiveObjects: 0.266900 ms CreateObjectMapping: 0.114500 ms MarkObjects: 1.527000 ms  DeleteObjects: 0.058900 ms)

========================================================================
Received Prepare
Registering precompiled user dll's ...
Registered in 0.010044 seconds.
Begin MonoManager ReloadAssembly
Native extension for WindowsStandalone target not found
Refreshing native plugins compatible for Editor in 0.85 ms, found 15 plugins.
Preloading 2 native plugins for Editor in 0.16 ms.
Invoked RoslynAnalysisRunner static constructor.
RoslynAnalysisRunner will not be running.
RoslynAnalysisRunner has terminated.
NullReferenceException: Object reference not set to an instance of an object
  at Unity.XR.Oculus.OculusLoader.AssetPathToAbsolutePath (System.String assetPath) [0x00048] in C:\Users\midge\Desktop\Comp3000\Unity Project\DruidsofDumnonia\Library\PackageCache\com.unity.xr.oculus@1.8.1\Runtime\OculusLoader.cs:243 
  at Unity.XR.Oculus.OculusLoader.EditorLoadOVRPlugin () [0x0007b] in C:\Users\midge\Desktop\Comp3000\Unity Project\DruidsofDumnonia\Library\PackageCache\com.unity.xr.oculus@1.8.1\Runtime\OculusLoader.cs:228 

(Filename: C:/Users/midge/Desktop/Comp3000/Unity Project/DruidsofDumnonia/Library/PackageCache/com.unity.xr.oculus@1.8.1/Runtime/OculusLoader.cs Line: 243)

Mono: successfully reloaded assembly
- Completed reload, in  0.859 seconds
Platform modules already initialized, skipping
Refreshing native plugins compatible for Editor in 0.91 ms, found 15 plugins.
Preloading 2 native plugins for Editor in 0.15 ms.
Unloading 2487 Unused Serialized files (Serialized files now loaded: 0)
System memory in use before: 123.6 MB.
System memory in use after: 123.8 MB.

Unloading 22 unused Assets to reduce memory usage. Loaded Objects now: 3116.
Total: 2.212500 ms (FindLiveObjects: 0.444900 ms CreateObjectMapping: 0.163700 ms MarkObjects: 1.540400 ms  DeleteObjects: 0.062200 ms)

========================================================================
Received Prepare
Registering precompiled user dll's ...
Registered in 0.008653 seconds.
Begin MonoManager ReloadAssembly
Native extension for WindowsStandalone target not found
Refreshing native plugins compatible for Editor in 0.94 ms, found 15 plugins.
Preloading 2 native plugins for Editor in 0.18 ms.
Invoked RoslynAnalysisRunner static constructor.
RoslynAnalysisRunner will not be running.
RoslynAnalysisRunner has terminated.
NullReferenceException: Object reference not set to an instance of an object
  at Unity.XR.Oculus.OculusLoader.AssetPathToAbsolutePath (System.String assetPath) [0x00048] in C:\Users\midge\Desktop\Comp3000\Unity Project\DruidsofDumnonia\Library\PackageCache\com.unity.xr.oculus@1.8.1\Runtime\OculusLoader.cs:243 
  at Unity.XR.Oculus.OculusLoader.EditorLoadOVRPlugin () [0x0007b] in C:\Users\midge\Desktop\Comp3000\Unity Project\DruidsofDumnonia\Library\PackageCache\com.unity.xr.oculus@1.8.1\Runtime\OculusLoader.cs:228 

(Filename: C:/Users/midge/Desktop/Comp3000/Unity Project/DruidsofDumnonia/Library/PackageCache/com.unity.xr.oculus@1.8.1/Runtime/OculusLoader.cs Line: 243)

Mono: successfully reloaded assembly
- Completed reload, in  0.901 seconds
Platform modules already initialized, skipping
Refreshing native plugins compatible for Editor in 1.18 ms, found 15 plugins.
Preloading 2 native plugins for Editor in 0.14 ms.
Unloading 2487 Unused Serialized files (Serialized files now loaded: 0)
System memory in use before: 123.6 MB.
System memory in use after: 123.8 MB.

Unloading 22 unused Assets to reduce memory usage. Loaded Objects now: 3120.
Total: 20.877500 ms (FindLiveObjects: 0.352900 ms CreateObjectMapping: 0.178600 ms MarkObjects: 20.278900 ms  DeleteObjects: 0.065500 ms)

========================================================================
Received Prepare
Registering precompiled user dll's ...
Registered in 0.008310 seconds.
Begin MonoManager ReloadAssembly
Native extension for WindowsStandalone target not found
Refreshing native plugins compatible for Editor in 1.35 ms, found 15 plugins.
Preloading 2 native plugins for Editor in 0.21 ms.
Invoked RoslynAnalysisRunner static constructor.
RoslynAnalysisRunner will not be running.
RoslynAnalysisRunner has terminated.
NullReferenceException: Object reference not set to an instance of an object
  at Unity.XR.Oculus.OculusLoader.AssetPathToAbsolutePath (System.String assetPath) [0x00048] in C:\Users\midge\Desktop\Comp3000\Unity Project\DruidsofDumnonia\Library\PackageCache\com.unity.xr.oculus@1.8.1\Runtime\OculusLoader.cs:243 
  at Unity.XR.Oculus.OculusLoader.EditorLoadOVRPlugin () [0x0007b] in C:\Users\midge\Desktop\Comp3000\Unity Project\DruidsofDumnonia\Library\PackageCache\com.unity.xr.oculus@1.8.1\Runtime\OculusLoader.cs:228 

(Filename: C:/Users/midge/Desktop/Comp3000/Unity Project/DruidsofDumnonia/Library/PackageCache/com.unity.xr.oculus@1.8.1/Runtime/OculusLoader.cs Line: 243)

Mono: successfully reloaded assembly
- Completed reload, in  0.888 seconds
Platform modules already initialized, skipping
Refreshing native plugins compatible for Editor in 0.87 ms, found 15 plugins.
Preloading 2 native plugins for Editor in 0.13 ms.
Unloading 2487 Unused Serialized files (Serialized files now loaded: 0)
System memory in use before: 123.6 MB.
System memory in use after: 123.8 MB.

Unloading 22 unused Assets to reduce memory usage. Loaded Objects now: 3124.
Total: 2.243000 ms (FindLiveObjects: 0.378700 ms CreateObjectMapping: 0.159300 ms MarkObjects: 1.641000 ms  DeleteObjects: 0.062800 ms)

========================================================================
Received Prepare
Registering precompiled user dll's ...
Registered in 0.010748 seconds.
Begin MonoManager ReloadAssembly
Native extension for WindowsStandalone target not found
Refreshing native plugins compatible for Editor in 0.93 ms, found 15 plugins.
Preloading 2 native plugins for Editor in 0.17 ms.
Invoked RoslynAnalysisRunner static constructor.
RoslynAnalysisRunner will not be running.
RoslynAnalysisRunner has terminated.
NullReferenceException: Object reference not set to an instance of an object
  at Unity.XR.Oculus.OculusLoader.AssetPathToAbsolutePath (System.String assetPath) [0x00048] in C:\Users\midge\Desktop\Comp3000\Unity Project\DruidsofDumnonia\Library\PackageCache\com.unity.xr.oculus@1.8.1\Runtime\OculusLoader.cs:243 
  at Unity.XR.Oculus.OculusLoader.EditorLoadOVRPlugin () [0x0007b] in C:\Users\midge\Desktop\Comp3000\Unity Project\DruidsofDumnonia\Library\PackageCache\com.unity.xr.oculus@1.8.1\Runtime\OculusLoader.cs:228 

(Filename: C:/Users/midge/Desktop/Comp3000/Unity Project/DruidsofDumnonia/Library/PackageCache/com.unity.xr.oculus@1.8.1/Runtime/OculusLoader.cs Line: 243)

Mono: successfully reloaded assembly
- Completed reload, in  0.894 seconds
Platform modules already initialized, skipping
Refreshing native plugins compatible for Editor in 0.98 ms, found 15 plugins.
Preloading 2 native plugins for Editor in 0.14 ms.
Unloading 2487 Unused Serialized files (Serialized files now loaded: 0)
System memory in use before: 123.5 MB.
System memory in use after: 123.7 MB.

Unloading 22 unused Assets to reduce memory usage. Loaded Objects now: 3128.
Total: 2.108100 ms (FindLiveObjects: 0.258500 ms CreateObjectMapping: 0.116000 ms MarkObjects: 1.673500 ms  DeleteObjects: 0.058700 ms)

