Using pre-set license
Built from '2020.3/release' branch; Version is '2020.3.2f1 (8fd9074bf66c) revision 9427207'; Using compiler version '192528614'; Build Type 'Release'
OS: 'Windows 10 Home; OS build 19042.1348; Version 2009; 64bit' Language: 'en' Physical Memory: 65481 MB
BatchMode: 1, IsHumanControllingUs: 0, StartBugReporterOnCrash: 0, Is64bit: 1, IsPro: 0

 COMMAND LINE ARGUMENTS:
C:\Program Files\Unity\Hub\Editor\2020.3.2f1\Editor\Unity.exe
-adb2
-batchMode
-noUpm
-name
AssetImportWorker0
-projectPath
C:/Users/midge/Desktop/Comp3000/Unity Project/DruidsofDumnonia
-logFile
Logs/AssetImportWorker0.log
-srvPort
61898
Successfully changed project path to: C:/Users/midge/Desktop/Comp3000/Unity Project/DruidsofDumnonia
C:/Users/midge/Desktop/Comp3000/Unity Project/DruidsofDumnonia
Using Asset Import Pipeline V2.
Refreshing native plugins compatible for Editor in 500.01 ms, found 15 plugins.
Preloading 2 native plugins for Editor in 28.54 ms.
Initialize engine version: 2020.3.2f1 (8fd9074bf66c)
[Subsystems] Discovering subsystems at path C:/Program Files/Unity/Hub/Editor/2020.3.2f1/Editor/Data/Resources/UnitySubsystems
[Subsystems] Discovering subsystems at path C:/Users/midge/Desktop/Comp3000/Unity Project/DruidsofDumnonia/Assets
GfxDevice: creating device client; threaded=0
Direct3D:
    Version:  Direct3D 11.0 [level 11.1]
    Renderer: NVIDIA GeForce GTX 1060 6GB (ID=0x1c03)
    Vendor:   
    VRAM:     6052 MB
    Driver:   30.0.14.9649
Initialize mono
Mono path[0] = 'C:/Program Files/Unity/Hub/Editor/2020.3.2f1/Editor/Data/Managed'
Mono path[1] = 'C:/Program Files/Unity/Hub/Editor/2020.3.2f1/Editor/Data/MonoBleedingEdge/lib/mono/unityjit'
Mono config path = 'C:/Program Files/Unity/Hub/Editor/2020.3.2f1/Editor/Data/MonoBleedingEdge/etc'
Using monoOptions --debugger-agent=transport=dt_socket,embedding=1,server=y,suspend=n,address=127.0.0.1:56384
Begin MonoManager ReloadAssembly
Registering precompiled unity dll's ...
Register platform support module: C:/Program Files/Unity/Hub/Editor/2020.3.2f1/Editor/Data/PlaybackEngines/WindowsStandaloneSupport/UnityEditor.WindowsStandalone.Extensions.dll
Registered in 0.002113 seconds.
Native extension for WindowsStandalone target not found
Refreshing native plugins compatible for Editor in 55.65 ms, found 15 plugins.
Preloading 2 native plugins for Editor in 0.16 ms.
Invoked RoslynAnalysisRunner static constructor.
RoslynAnalysisRunner will not be running.
RoslynAnalysisRunner has terminated.
Mono: successfully reloaded assembly
- Completed reload, in  1.037 seconds
Platform modules already initialized, skipping
Registering precompiled user dll's ...
Registered in 0.221683 seconds.
Begin MonoManager ReloadAssembly
Native extension for WindowsStandalone target not found
Refreshing native plugins compatible for Editor in 64.83 ms, found 15 plugins.
Preloading 2 native plugins for Editor in 0.30 ms.
Invoked RoslynAnalysisRunner static constructor.
RoslynAnalysisRunner will not be running.
RoslynAnalysisRunner has terminated.
[XR] OculusXRPlugin: registering subsystems
[XR] Unable to register display lifecyle provider: [1]
[XR] Oculus Input lifecycle provider registered.
[XR] Unable to register input lifecyle provider: [1]
NullReferenceException: Object reference not set to an instance of an object
  at Unity.XR.Oculus.OculusLoader.AssetPathToAbsolutePath (System.String assetPath) [0x00048] in C:\Users\midge\Desktop\Comp3000\Unity Project\DruidsofDumnonia\Library\PackageCache\com.unity.xr.oculus@1.8.1\Runtime\OculusLoader.cs:243 
  at Unity.XR.Oculus.OculusLoader.EditorLoadOVRPlugin () [0x0007b] in C:\Users\midge\Desktop\Comp3000\Unity Project\DruidsofDumnonia\Library\PackageCache\com.unity.xr.oculus@1.8.1\Runtime\OculusLoader.cs:228 

(Filename: Library/PackageCache/com.unity.xr.oculus@1.8.1/Runtime/OculusLoader.cs Line: 243)

Mono: successfully reloaded assembly
- Completed reload, in  1.303 seconds
Platform modules already initialized, skipping
========================================================================
Worker process is ready to serve import requests
Launched and connected shader compiler UnityShaderCompiler.exe after 0.06 seconds
Refreshing native plugins compatible for Editor in 0.67 ms, found 15 plugins.
Preloading 2 native plugins for Editor in 0.13 ms.
Unloading 2525 Unused Serialized files (Serialized files now loaded: 0)
System memory in use before: 108.4 MB.
System memory in use after: 108.4 MB.

Unloading 29 unused Assets to reduce memory usage. Loaded Objects now: 2962.
Total: 3.301200 ms (FindLiveObjects: 0.949600 ms CreateObjectMapping: 0.283400 ms MarkObjects: 1.954400 ms  DeleteObjects: 0.112800 ms)

========================================================================
Received Import Request.
  path: Assets/Plugins/LeapMotion/Modules/InteractionEngine/Examples/2. Basic UI/Basic UI.unity
  artifactKey: Guid(cca654fcbf487ac40b2b8eaa581451c8) Importer(815301076,1909f56bfc062723c751e8b465ee728b)
Start importing Assets/Plugins/LeapMotion/Modules/InteractionEngine/Examples/2. Basic UI/Basic UI.unity using Guid(cca654fcbf487ac40b2b8eaa581451c8) Importer(815301076,1909f56bfc062723c751e8b465ee728b)  -> (artifact id: 'eda95bd45d450257b35aa7b771c4e51b') in 0.020073 seconds
  Import took 0.026247 seconds .

========================================================================
Received Import Request.
  Time since last request: 46.151700 seconds.
  path: Assets/Plugins/LeapMotion/Modules/InteractionEngine/Examples/4. Hand UI/Hand UI.unity
  artifactKey: Guid(ae73948aa62db4f419627fe2d6061a32) Importer(815301076,1909f56bfc062723c751e8b465ee728b)
Start importing Assets/Plugins/LeapMotion/Modules/InteractionEngine/Examples/4. Hand UI/Hand UI.unity using Guid(ae73948aa62db4f419627fe2d6061a32) Importer(815301076,1909f56bfc062723c751e8b465ee728b)  -> (artifact id: 'cc7ab0ed80a6f7ed78ca8ba7f2f1764d') in 0.008950 seconds
  Import took 0.015534 seconds .

========================================================================
Received Import Request.
  Time since last request: 3.067739 seconds.
  path: Assets/Plugins/LeapMotion/Modules/InteractionEngine/Examples/4. Hand UI/Hand UISettings.lighting
  artifactKey: Guid(e41d0a8d7fadaa14eaa24dc3ffd9289b) Importer(815301076,1909f56bfc062723c751e8b465ee728b)
Start importing Assets/Plugins/LeapMotion/Modules/InteractionEngine/Examples/4. Hand UI/Hand UISettings.lighting using Guid(e41d0a8d7fadaa14eaa24dc3ffd9289b) Importer(815301076,1909f56bfc062723c751e8b465ee728b) LightingSettings: switching bake backend from 1 to 0.
 -> (artifact id: '4d719d6e891e7d23feb81398077303ca') in 0.035125 seconds
  Import took 0.038698 seconds .

========================================================================
Received Import Request.
  Time since last request: 98.440578 seconds.
  path: Assets/Scenes/DruidsTutorial.unity
  artifactKey: Guid(c56e81a4736bdac4fb822b7e6519ee21) Importer(815301076,1909f56bfc062723c751e8b465ee728b)
Start importing Assets/Scenes/DruidsTutorial.unity using Guid(c56e81a4736bdac4fb822b7e6519ee21) Importer(815301076,1909f56bfc062723c751e8b465ee728b)  -> (artifact id: 'aa3fb8a764b33ba5ca960188e0d85a6f') in 0.010213 seconds
  Import took 0.013982 seconds .

========================================================================
Received Import Request.
  Time since last request: 0.000891 seconds.
  path: Assets/Scenes/DruidsTutorial.unity
  artifactKey: Guid(c56e81a4736bdac4fb822b7e6519ee21) Importer(815301076,1909f56bfc062723c751e8b465ee728b)
Start importing Assets/Scenes/DruidsTutorial.unity using Guid(c56e81a4736bdac4fb822b7e6519ee21) Importer(815301076,1909f56bfc062723c751e8b465ee728b)  -> (artifact id: 'aa3fb8a764b33ba5ca960188e0d85a6f') in 0.004683 seconds
  Import took 0.009737 seconds .

========================================================================
Received Prepare
Registering precompiled user dll's ...
Registered in 0.008290 seconds.
Begin MonoManager ReloadAssembly
Native extension for WindowsStandalone target not found
Refreshing native plugins compatible for Editor in 0.74 ms, found 15 plugins.
Preloading 2 native plugins for Editor in 0.12 ms.
Invoked RoslynAnalysisRunner static constructor.
RoslynAnalysisRunner will not be running.
RoslynAnalysisRunner has terminated.
NullReferenceException: Object reference not set to an instance of an object
  at Unity.XR.Oculus.OculusLoader.AssetPathToAbsolutePath (System.String assetPath) [0x00048] in C:\Users\midge\Desktop\Comp3000\Unity Project\DruidsofDumnonia\Library\PackageCache\com.unity.xr.oculus@1.8.1\Runtime\OculusLoader.cs:243 
  at Unity.XR.Oculus.OculusLoader.EditorLoadOVRPlugin () [0x0007b] in C:\Users\midge\Desktop\Comp3000\Unity Project\DruidsofDumnonia\Library\PackageCache\com.unity.xr.oculus@1.8.1\Runtime\OculusLoader.cs:228 

(Filename: Library/PackageCache/com.unity.xr.oculus@1.8.1/Runtime/OculusLoader.cs Line: 243)

Mono: successfully reloaded assembly
- Completed reload, in  0.915 seconds
Platform modules already initialized, skipping
Refreshing native plugins compatible for Editor in 0.87 ms, found 15 plugins.
Preloading 2 native plugins for Editor in 0.19 ms.
Unloading 2475 Unused Serialized files (Serialized files now loaded: 0)
System memory in use before: 114.0 MB.
System memory in use after: 114.2 MB.

Unloading 22 unused Assets to reduce memory usage. Loaded Objects now: 2966.
Total: 1.910100 ms (FindLiveObjects: 0.232000 ms CreateObjectMapping: 0.104500 ms MarkObjects: 1.521000 ms  DeleteObjects: 0.051700 ms)

========================================================================
Received Import Request.
  Time since last request: 59.545230 seconds.
  path: Assets/Prefabs/Cube UI Button.prefab
  artifactKey: Guid(47964fbbfcdae7a488939112aa78f000) Importer(815301076,1909f56bfc062723c751e8b465ee728b)
Start importing Assets/Prefabs/Cube UI Button.prefab using Guid(47964fbbfcdae7a488939112aa78f000) Importer(815301076,1909f56bfc062723c751e8b465ee728b)  -> (artifact id: '9e49c5dd87d1570a2ff9705c4412706b') in 0.094384 seconds
  Import took 0.099212 seconds .

========================================================================
Received Import Request.
  Time since last request: 7.456459 seconds.
  path: Assets/Prefabs/Buttons Panel.prefab
  artifactKey: Guid(b5aa3c6dd17a812478bbec1441b18983) Importer(815301076,1909f56bfc062723c751e8b465ee728b)
Start importing Assets/Prefabs/Buttons Panel.prefab using Guid(b5aa3c6dd17a812478bbec1441b18983) Importer(815301076,1909f56bfc062723c751e8b465ee728b)  -> (artifact id: '97f116ca29069f2ff0963ba1d15a2977') in 0.019511 seconds
  Import took 0.024182 seconds .

========================================================================
Received Prepare
Registering precompiled user dll's ...
Registered in 0.010352 seconds.
Begin MonoManager ReloadAssembly
Native extension for WindowsStandalone target not found
Refreshing native plugins compatible for Editor in 0.75 ms, found 15 plugins.
Preloading 2 native plugins for Editor in 0.13 ms.
Invoked RoslynAnalysisRunner static constructor.
RoslynAnalysisRunner will not be running.
RoslynAnalysisRunner has terminated.
NullReferenceException: Object reference not set to an instance of an object
  at Unity.XR.Oculus.OculusLoader.AssetPathToAbsolutePath (System.String assetPath) [0x00048] in C:\Users\midge\Desktop\Comp3000\Unity Project\DruidsofDumnonia\Library\PackageCache\com.unity.xr.oculus@1.8.1\Runtime\OculusLoader.cs:243 
  at Unity.XR.Oculus.OculusLoader.EditorLoadOVRPlugin () [0x0007b] in C:\Users\midge\Desktop\Comp3000\Unity Project\DruidsofDumnonia\Library\PackageCache\com.unity.xr.oculus@1.8.1\Runtime\OculusLoader.cs:228 

(Filename: Library/PackageCache/com.unity.xr.oculus@1.8.1/Runtime/OculusLoader.cs Line: 243)

Mono: successfully reloaded assembly
- Completed reload, in  0.966 seconds
Platform modules already initialized, skipping
Refreshing native plugins compatible for Editor in 0.80 ms, found 15 plugins.
Preloading 2 native plugins for Editor in 0.16 ms.
Unloading 2475 Unused Serialized files (Serialized files now loaded: 0)
System memory in use before: 114.1 MB.
System memory in use after: 114.3 MB.

Unloading 22 unused Assets to reduce memory usage. Loaded Objects now: 2977.
Total: 2.786900 ms (FindLiveObjects: 0.411200 ms CreateObjectMapping: 0.199000 ms MarkObjects: 2.095300 ms  DeleteObjects: 0.080400 ms)

AssetImportWorkerClient::OnTransportError - code=2 error=End of file
